SMM: enter
EAX=00000001 EBX=0000000b ECX=02000000 EDX=02000628
ESI=00000000 EDI=02000000 EBP=00000007 ESP=00006d78
EIP=000ee460 EFL=00000002 [-------] CPL=0 II=0 A20=1 SMM=0 HLT=0
ES =0010 00000000 ffffffff 00cf9300 DPL=0 DS   [-WA]
CS =0008 00000000 ffffffff 00cf9b00 DPL=0 CS32 [-RA]
SS =0010 00000000 ffffffff 00cf9300 DPL=0 DS   [-WA]
DS =0010 00000000 ffffffff 00cf9300 DPL=0 DS   [-WA]
FS =0010 00000000 ffffffff 00cf9300 DPL=0 DS   [-WA]
GS =0010 00000000 ffffffff 00cf9300 DPL=0 DS   [-WA]
LDT=0000 00000000 0000ffff 00008200 DPL=0 LDT
TR =0000 00000000 0000ffff 00008b00 DPL=0 TSS32-busy
GDT=     000f7080 00000037
IDT=     000f70be 00000000
CR0=00000011 CR2=00000000 CR3=00000000 CR4=00000000
DR0=00000000 DR1=00000000 DR2=00000000 DR3=00000000 
DR6=ffff0ff0 DR7=00000400
CCS=00000080 CCD=00000001 CCO=LOGICB  
EFER=0000000000000000
SMM: after RSM
EAX=00000001 EBX=0000000b ECX=02000000 EDX=02000628
ESI=00000000 EDI=02000000 EBP=00000007 ESP=00006d78
EIP=000ee460 EFL=00000002 [-------] CPL=0 II=0 A20=1 SMM=0 HLT=0
ES =0010 00000000 ffffffff 00c09300 DPL=0 DS   [-WA]
CS =0008 00000000 ffffffff 00c09b00 DPL=0 CS32 [-RA]
SS =0010 00000000 ffffffff 00c09300 DPL=0 DS   [-WA]
DS =0010 00000000 ffffffff 00c09300 DPL=0 DS   [-WA]
FS =0010 00000000 ffffffff 00c09300 DPL=0 DS   [-WA]
GS =0010 00000000 ffffffff 00c09300 DPL=0 DS   [-WA]
LDT=0000 00000000 0000ffff 00008200 DPL=0 LDT
TR =0000 00000000 0000ffff 00008b00 DPL=0 TSS32-busy
GDT=     000f7080 00000037
IDT=     000f70be 00000000
CR0=00000011 CR2=00000000 CR3=00000000 CR4=00000000
DR0=00000000 DR1=00000000 DR2=00000000 DR3=00000000 
DR6=ffff0ff0 DR7=00000400
CCS=00000000 CCD=000a7fe4 CCO=EFLAGS  
EFER=0000000000000000
SMM: enter
EAX=000000b5 EBX=000f8b3c ECX=00001234 EDX=0000de00
ESI=000069ba EDI=03fbdc4e EBP=0000697a ESP=0000697a
EIP=00008b3b EFL=00000002 [-------] CPL=0 II=0 A20=1 SMM=0 HLT=0
ES =de00 000de000 ffffffff 008f9300
CS =f000 000f0000 ffffffff 008f9b00
SS =0000 00000000 ffffffff 008f9300
DS =0000 00000000 ffffffff 008f9300
FS =0000 00000000 ffffffff 008f9300
GS =c980 000c9800 ffffffff 008f9300
LDT=0000 00000000 0000ffff 00008200
TR =0000 00000000 0000ffff 00008b00
GDT=     00000000 00000000
IDT=     00000000 000003ff
CR0=00000010 CR2=00000000 CR3=00000000 CR4=00000000
DR0=00000000 DR1=00000000 DR2=00000000 DR3=00000000 
DR6=ffff0ff0 DR7=00000400
CCS=00000000 CCD=0000697a CCO=EFLAGS  
EFER=0000000000000000
SMM: after RSM
EAX=000000b5 EBX=000f8b3c ECX=00001234 EDX=0000de00
ESI=000069ba EDI=03fbdc4e EBP=0000697a ESP=0000697a
EIP=000f8b3c EFL=00000002 [-------] CPL=0 II=0 A20=1 SMM=0 HLT=0
ES =0010 00000000 ffffffff 00c09300 DPL=0 DS   [-WA]
CS =0008 00000000 ffffffff 00c09b00 DPL=0 CS32 [-RA]
SS =0010 00000000 ffffffff 00c09300 DPL=0 DS   [-WA]
DS =0010 00000000 ffffffff 00c09300 DPL=0 DS   [-WA]
FS =0010 00000000 ffffffff 00c09300 DPL=0 DS   [-WA]
GS =0010 00000000 ffffffff 00c09300 DPL=0 DS   [-WA]
LDT=0000 00000000 0000ffff 00008200 DPL=0 LDT
TR =0000 00000000 0000ffff 00008b00 DPL=0 TSS32-busy
GDT=     000f7080 00000037
IDT=     000f70be 00000000
CR0=00000011 CR2=00000000 CR3=00000000 CR4=00000000
DR0=00000000 DR1=00000000 DR2=00000000 DR3=00000000 
DR6=ffff0ff0 DR7=00000400
CCS=00000000 CCD=000a7fe4 CCO=EFLAGS  
EFER=0000000000000000
SMM: enter
EAX=000000b5 EBX=00008b56 ECX=00005678 EDX=00000014
ESI=00000000 EDI=03fbdc4e EBP=0000697a ESP=0000697a
EIP=000f8b55 EFL=00000016 [----AP-] CPL=0 II=0 A20=1 SMM=0 HLT=0
ES =0010 00000000 ffffffff 00c09300 DPL=0 DS   [-WA]
CS =0008 00000000 ffffffff 00c09b00 DPL=0 CS32 [-RA]
SS =0010 00000000 ffffffff 00c09300 DPL=0 DS   [-WA]
DS =0010 00000000 ffffffff 00c09300 DPL=0 DS   [-WA]
FS =0010 00000000 ffffffff 00c09300 DPL=0 DS   [-WA]
GS =0010 00000000 ffffffff 00c09300 DPL=0 DS   [-WA]
LDT=0000 00000000 0000ffff 00008200 DPL=0 LDT
TR =0000 00000000 0000ffff 00008b00 DPL=0 TSS32-busy
GDT=     000f7080 00000037
IDT=     000f70be 00000000
CR0=00000011 CR2=00000000 CR3=00000000 CR4=00000000
DR0=00000000 DR1=00000000 DR2=00000000 DR3=00000000 
DR6=ffff0ff0 DR7=00000400
CCS=00000014 CCD=00006966 CCO=EFLAGS  
EFER=0000000000000000
SMM: after RSM
EAX=000000b5 EBX=00008b56 ECX=00005678 EDX=00000014
ESI=00000000 EDI=03fbdc4e EBP=0000697a ESP=0000697a
EIP=00008b56 EFL=00000002 [-------] CPL=0 II=0 A20=1 SMM=0 HLT=0
ES =de00 000de000 ffffffff 00809300
CS =f000 000f0000 ffffffff 00809b00
SS =0000 00000000 ffffffff 00809300
DS =0000 00000000 ffffffff 00809300
FS =0000 00000000 ffffffff 00809300
GS =c980 000c9800 ffffffff 00809300
LDT=0000 00000000 0000ffff 00008200
TR =0000 00000000 0000ffff 00008b00
GDT=     00000000 00000000
IDT=     00000000 000003ff
CR0=00000010 CR2=00000000 CR3=00000000 CR4=00000000
DR0=00000000 DR1=00000000 DR2=00000000 DR3=00000000 
DR6=ffff0ff0 DR7=00000400
CCS=00000000 CCD=000a7fe4 CCO=EFLAGS  
EFER=0000000000000000
SMM: enter
EAX=000000b5 EBX=000f8b3c ECX=00001234 EDX=0000de00
ESI=000069b4 EDI=03fbdc4e EBP=00006974 ESP=00006974
EIP=00008b3b EFL=00000006 [-----P-] CPL=0 II=0 A20=1 SMM=0 HLT=0
ES =de00 000de000 ffffffff 00809300
CS =f000 000f0000 ffffffff 00809b00
SS =0000 00000000 ffffffff 00809300
DS =0000 00000000 ffffffff 00809300
FS =0000 00000000 ffffffff 00809300
GS =c980 000c9800 ffffffff 00809300
LDT=0000 00000000 0000ffff 00008200
TR =0000 00000000 0000ffff 00008b00
GDT=     00000000 00000000
IDT=     00000000 000003ff
CR0=00000010 CR2=00000000 CR3=00000000 CR4=00000000
DR0=00000000 DR1=00000000 DR2=00000000 DR3=00000000 
DR6=ffff0ff0 DR7=00000400
CCS=00000004 CCD=00006974 CCO=EFLAGS  
EFER=0000000000000000
SMM: after RSM
EAX=000000b5 EBX=000f8b3c ECX=00001234 EDX=0000de00
ESI=000069b4 EDI=03fbdc4e EBP=00006974 ESP=00006974
EIP=000f8b3c EFL=00000002 [-------] CPL=0 II=0 A20=1 SMM=0 HLT=0
ES =0010 00000000 ffffffff 00c09300 DPL=0 DS   [-WA]
CS =0008 00000000 ffffffff 00c09b00 DPL=0 CS32 [-RA]
SS =0010 00000000 ffffffff 00c09300 DPL=0 DS   [-WA]
DS =0010 00000000 ffffffff 00c09300 DPL=0 DS   [-WA]
FS =0010 00000000 ffffffff 00c09300 DPL=0 DS   [-WA]
GS =0010 00000000 ffffffff 00c09300 DPL=0 DS   [-WA]
LDT=0000 00000000 0000ffff 00008200 DPL=0 LDT
TR =0000 00000000 0000ffff 00008b00 DPL=0 TSS32-busy
GDT=     000f7080 00000037
IDT=     000f70be 00000000
CR0=00000011 CR2=00000000 CR3=00000000 CR4=00000000
DR0=00000000 DR1=00000000 DR2=00000000 DR3=00000000 
DR6=ffff0ff0 DR7=00000400
CCS=00000000 CCD=000a7fe4 CCO=EFLAGS  
EFER=0000000000000000
SMM: enter
EAX=000000b5 EBX=00008b56 ECX=00005678 EDX=03fabbd4
ESI=03f8ddd0 EDI=03fbdc4e EBP=00006974 ESP=00006974
EIP=000f8b55 EFL=00000016 [----AP-] CPL=0 II=0 A20=1 SMM=0 HLT=0
ES =0010 00000000 ffffffff 00c09300 DPL=0 DS   [-WA]
CS =0008 00000000 ffffffff 00c09b00 DPL=0 CS32 [-RA]
SS =0010 00000000 ffffffff 00c09300 DPL=0 DS   [-WA]
DS =0010 00000000 ffffffff 00c09300 DPL=0 DS   [-WA]
FS =0010 00000000 ffffffff 00c09300 DPL=0 DS   [-WA]
GS =0010 00000000 ffffffff 00c09300 DPL=0 DS   [-WA]
LDT=0000 00000000 0000ffff 00008200 DPL=0 LDT
TR =0000 00000000 0000ffff 00008b00 DPL=0 TSS32-busy
GDT=     000f7080 00000037
IDT=     000f70be 00000000
CR0=00000011 CR2=00000000 CR3=00000000 CR4=00000000
DR0=00000000 DR1=00000000 DR2=00000000 DR3=00000000 
DR6=ffff0ff0 DR7=00000400
CCS=00000014 CCD=00006960 CCO=EFLAGS  
EFER=0000000000000000
SMM: after RSM
EAX=000000b5 EBX=00008b56 ECX=00005678 EDX=03fabbd4
ESI=03f8ddd0 EDI=03fbdc4e EBP=00006974 ESP=00006974
EIP=00008b56 EFL=00000006 [-----P-] CPL=0 II=0 A20=1 SMM=0 HLT=0
ES =de00 000de000 ffffffff 00809300
CS =f000 000f0000 ffffffff 00809b00
SS =0000 00000000 ffffffff 00809300
DS =0000 00000000 ffffffff 00809300
FS =0000 00000000 ffffffff 00809300
GS =c980 000c9800 ffffffff 00809300
LDT=0000 00000000 0000ffff 00008200
TR =0000 00000000 0000ffff 00008b00
GDT=     00000000 00000000
IDT=     00000000 000003ff
CR0=00000010 CR2=00000000 CR3=00000000 CR4=00000000
DR0=00000000 DR1=00000000 DR2=00000000 DR3=00000000 
DR6=ffff0ff0 DR7=00000400
CCS=00000004 CCD=000a7fe4 CCO=EFLAGS  
EFER=0000000000000000
SMM: enter
EAX=000000b5 EBX=000f8b3c ECX=00001234 EDX=0000de00
ESI=000069ba EDI=03fbdc4e EBP=0000697a ESP=0000697a
EIP=00008b3b EFL=00000002 [-------] CPL=0 II=0 A20=1 SMM=0 HLT=0
ES =de00 000de000 ffffffff 00809300
CS =f000 000f0000 ffffffff 00809b00
SS =0000 00000000 ffffffff 00809300
DS =0000 00000000 ffffffff 00809300
FS =0000 00000000 ffffffff 00809300
GS =c980 000c9800 ffffffff 00809300
LDT=0000 00000000 0000ffff 00008200
TR =0000 00000000 0000ffff 00008b00
GDT=     00000000 00000000
IDT=     00000000 000003ff
CR0=00000010 CR2=00000000 CR3=00000000 CR4=00000000
DR0=00000000 DR1=00000000 DR2=00000000 DR3=00000000 
DR6=ffff0ff0 DR7=00000400
CCS=00000000 CCD=0000697a CCO=EFLAGS  
EFER=0000000000000000
SMM: after RSM
EAX=000000b5 EBX=000f8b3c ECX=00001234 EDX=0000de00
ESI=000069ba EDI=03fbdc4e EBP=0000697a ESP=0000697a
EIP=000f8b3c EFL=00000002 [-------] CPL=0 II=0 A20=1 SMM=0 HLT=0
ES =0010 00000000 ffffffff 00c09300 DPL=0 DS   [-WA]
CS =0008 00000000 ffffffff 00c09b00 DPL=0 CS32 [-RA]
SS =0010 00000000 ffffffff 00c09300 DPL=0 DS   [-WA]
DS =0010 00000000 ffffffff 00c09300 DPL=0 DS   [-WA]
FS =0010 00000000 ffffffff 00c09300 DPL=0 DS   [-WA]
GS =0010 00000000 ffffffff 00c09300 DPL=0 DS   [-WA]
LDT=0000 00000000 0000ffff 00008200 DPL=0 LDT
TR =0000 00000000 0000ffff 00008b00 DPL=0 TSS32-busy
GDT=     000f7080 00000037
IDT=     000f70be 00000000
CR0=00000011 CR2=00000000 CR3=00000000 CR4=00000000
DR0=00000000 DR1=00000000 DR2=00000000 DR3=00000000 
DR6=ffff0ff0 DR7=00000400
CCS=00000000 CCD=000a7fe4 CCO=EFLAGS  
EFER=0000000000000000
SMM: enter
EAX=000000b5 EBX=00008b56 ECX=00005678 EDX=00000014
ESI=00000000 EDI=03fbdc4e EBP=0000697a ESP=0000697a
EIP=000f8b55 EFL=00000016 [----AP-] CPL=0 II=0 A20=1 SMM=0 HLT=0
ES =0010 00000000 ffffffff 00c09300 DPL=0 DS   [-WA]
CS =0008 00000000 ffffffff 00c09b00 DPL=0 CS32 [-RA]
SS =0010 00000000 ffffffff 00c09300 DPL=0 DS   [-WA]
DS =0010 00000000 ffffffff 00c09300 DPL=0 DS   [-WA]
FS =0010 00000000 ffffffff 00c09300 DPL=0 DS   [-WA]
GS =0010 00000000 ffffffff 00c09300 DPL=0 DS   [-WA]
LDT=0000 00000000 0000ffff 00008200 DPL=0 LDT
TR =0000 00000000 0000ffff 00008b00 DPL=0 TSS32-busy
GDT=     000f7080 00000037
IDT=     000f70be 00000000
CR0=00000011 CR2=00000000 CR3=00000000 CR4=00000000
DR0=00000000 DR1=00000000 DR2=00000000 DR3=00000000 
DR6=ffff0ff0 DR7=00000400
CCS=00000014 CCD=00006966 CCO=EFLAGS  
EFER=0000000000000000
SMM: after RSM
EAX=000000b5 EBX=00008b56 ECX=00005678 EDX=00000014
ESI=00000000 EDI=03fbdc4e EBP=0000697a ESP=0000697a
EIP=00008b56 EFL=00000002 [-------] CPL=0 II=0 A20=1 SMM=0 HLT=0
ES =de00 000de000 ffffffff 00809300
CS =f000 000f0000 ffffffff 00809b00
SS =0000 00000000 ffffffff 00809300
DS =0000 00000000 ffffffff 00809300
FS =0000 00000000 ffffffff 00809300
GS =c980 000c9800 ffffffff 00809300
LDT=0000 00000000 0000ffff 00008200
TR =0000 00000000 0000ffff 00008b00
GDT=     00000000 00000000
IDT=     00000000 000003ff
CR0=00000010 CR2=00000000 CR3=00000000 CR4=00000000
DR0=00000000 DR1=00000000 DR2=00000000 DR3=00000000 
DR6=ffff0ff0 DR7=00000400
CCS=00000000 CCD=000a7fe4 CCO=EFLAGS  
EFER=0000000000000000
SMM: enter
EAX=000000b5 EBX=000f8b3c ECX=00001234 EDX=0000de00
ESI=000069b4 EDI=03fbdc4e EBP=00006974 ESP=00006974
EIP=00008b3b EFL=00000006 [-----P-] CPL=0 II=0 A20=1 SMM=0 HLT=0
ES =de00 000de000 ffffffff 00809300
CS =f000 000f0000 ffffffff 00809b00
SS =0000 00000000 ffffffff 00809300
DS =0000 00000000 ffffffff 00809300
FS =0000 00000000 ffffffff 00809300
GS =c980 000c9800 ffffffff 00809300
LDT=0000 00000000 0000ffff 00008200
TR =0000 00000000 0000ffff 00008b00
GDT=     00000000 00000000
IDT=     00000000 000003ff
CR0=00000010 CR2=00000000 CR3=00000000 CR4=00000000
DR0=00000000 DR1=00000000 DR2=00000000 DR3=00000000 
DR6=ffff0ff0 DR7=00000400
CCS=00000004 CCD=00006974 CCO=EFLAGS  
EFER=0000000000000000
SMM: after RSM
EAX=000000b5 EBX=000f8b3c ECX=00001234 EDX=0000de00
ESI=000069b4 EDI=03fbdc4e EBP=00006974 ESP=00006974
EIP=000f8b3c EFL=00000002 [-------] CPL=0 II=0 A20=1 SMM=0 HLT=0
ES =0010 00000000 ffffffff 00c09300 DPL=0 DS   [-WA]
CS =0008 00000000 ffffffff 00c09b00 DPL=0 CS32 [-RA]
SS =0010 00000000 ffffffff 00c09300 DPL=0 DS   [-WA]
DS =0010 00000000 ffffffff 00c09300 DPL=0 DS   [-WA]
FS =0010 00000000 ffffffff 00c09300 DPL=0 DS   [-WA]
GS =0010 00000000 ffffffff 00c09300 DPL=0 DS   [-WA]
LDT=0000 00000000 0000ffff 00008200 DPL=0 LDT
TR =0000 00000000 0000ffff 00008b00 DPL=0 TSS32-busy
GDT=     000f7080 00000037
IDT=     000f70be 00000000
CR0=00000011 CR2=00000000 CR3=00000000 CR4=00000000
DR0=00000000 DR1=00000000 DR2=00000000 DR3=00000000 
DR6=ffff0ff0 DR7=00000400
CCS=00000000 CCD=000a7fe4 CCO=EFLAGS  
EFER=0000000000000000
SMM: enter
EAX=000000b5 EBX=00008b56 ECX=00005678 EDX=03fab924
ESI=03ecddd0 EDI=03fbdc4e EBP=00006974 ESP=00006974
EIP=000f8b55 EFL=00000016 [----AP-] CPL=0 II=0 A20=1 SMM=0 HLT=0
ES =0010 00000000 ffffffff 00c09300 DPL=0 DS   [-WA]
CS =0008 00000000 ffffffff 00c09b00 DPL=0 CS32 [-RA]
SS =0010 00000000 ffffffff 00c09300 DPL=0 DS   [-WA]
DS =0010 00000000 ffffffff 00c09300 DPL=0 DS   [-WA]
FS =0010 00000000 ffffffff 00c09300 DPL=0 DS   [-WA]
GS =0010 00000000 ffffffff 00c09300 DPL=0 DS   [-WA]
LDT=0000 00000000 0000ffff 00008200 DPL=0 LDT
TR =0000 00000000 0000ffff 00008b00 DPL=0 TSS32-busy
GDT=     000f7080 00000037
IDT=     000f70be 00000000
CR0=00000011 CR2=00000000 CR3=00000000 CR4=00000000
DR0=00000000 DR1=00000000 DR2=00000000 DR3=00000000 
DR6=ffff0ff0 DR7=00000400
CCS=00000014 CCD=00006960 CCO=EFLAGS  
EFER=0000000000000000
SMM: after RSM
EAX=000000b5 EBX=00008b56 ECX=00005678 EDX=03fab924
ESI=03ecddd0 EDI=03fbdc4e EBP=00006974 ESP=00006974
EIP=00008b56 EFL=00000006 [-----P-] CPL=0 II=0 A20=1 SMM=0 HLT=0
ES =de00 000de000 ffffffff 00809300
CS =f000 000f0000 ffffffff 00809b00
SS =0000 00000000 ffffffff 00809300
DS =0000 00000000 ffffffff 00809300
FS =0000 00000000 ffffffff 00809300
GS =c980 000c9800 ffffffff 00809300
LDT=0000 00000000 0000ffff 00008200
TR =0000 00000000 0000ffff 00008b00
GDT=     00000000 00000000
IDT=     00000000 000003ff
CR0=00000010 CR2=00000000 CR3=00000000 CR4=00000000
DR0=00000000 DR1=00000000 DR2=00000000 DR3=00000000 
DR6=ffff0ff0 DR7=00000400
CCS=00000004 CCD=000a7fe4 CCO=EFLAGS  
EFER=0000000000000000
     0: v=2e e=0000 i=1 cpl=0 IP=0008:c0103358 pc=c0103358 SP=0010:c010af8c env->regs[R_EAX]=00000008
EAX=00000008 EBX=00000000 ECX=00000001 EDX=000001f7
ESI=00000001 EDI=c0102994 EBP=00000000 ESP=c010af8c
EIP=c0103358 EFL=00000202 [-------] CPL=0 II=0 A20=1 SMM=0 HLT=0
ES =0010 00000000 ffffffff 00cf9300 DPL=0 DS   [-WA]
CS =0008 00000000 ffffffff 00cf9a00 DPL=0 CS32 [-R-]
SS =0010 00000000 ffffffff 00cf9300 DPL=0 DS   [-WA]
DS =0010 00000000 ffffffff 00cf9300 DPL=0 DS   [-WA]
FS =0010 00000000 ffffffff 00cf9300 DPL=0 DS   [-WA]
GS =0010 00000000 ffffffff 00cf9300 DPL=0 DS   [-WA]
LDT=0000 00000000 0000ffff 00008200 DPL=0 LDT
TR =0000 00000000 0000ffff 00008b00 DPL=0 TSS32-busy
GDT=     c0102dfe 0000002f
IDT=     c01000e0 000007f7
CR0=80000011 CR2=00000000 CR3=00105000 CR4=00000010
DR0=00000000 DR1=00000000 DR2=00000000 DR3=00000000 
DR6=ffff0ff0 DR7=00000400
CCS=00000000 CCD=00000008 CCO=EFLAGS  
EFER=0000000000000000
     1: v=2e e=0000 i=1 cpl=0 IP=0008:c0103358 pc=c0103358 SP=0010:c010af8c env->regs[R_EAX]=00000008
EAX=00000008 EBX=00000000 ECX=00000001 EDX=000001f7
ESI=00000002 EDI=c0102b94 EBP=00000000 ESP=c010af8c
EIP=c0103358 EFL=00000202 [-------] CPL=0 II=0 A20=1 SMM=0 HLT=0
ES =0010 00000000 ffffffff 00cf9300 DPL=0 DS   [-WA]
CS =0008 00000000 ffffffff 00cf9a00 DPL=0 CS32 [-R-]
SS =0010 00000000 ffffffff 00cf9300 DPL=0 DS   [-WA]
DS =0010 00000000 ffffffff 00cf9300 DPL=0 DS   [-WA]
FS =0010 00000000 ffffffff 00cf9300 DPL=0 DS   [-WA]
GS =0010 00000000 ffffffff 00cf9300 DPL=0 DS   [-WA]
LDT=0000 00000000 0000ffff 00008200 DPL=0 LDT
TR =0000 00000000 0000ffff 00008b00 DPL=0 TSS32-busy
GDT=     c0102dfe 0000002f
IDT=     c01000e0 000007f7
CR0=80000011 CR2=00000000 CR3=00105000 CR4=00000010
DR0=00000000 DR1=00000000 DR2=00000000 DR3=00000000 
DR6=ffff0ff0 DR7=00000400
CCS=00000000 CCD=00000008 CCO=EFLAGS  
EFER=0000000000000000
     2: v=2e e=0000 i=1 cpl=0 IP=0008:c0103358 pc=c0103358 SP=0010:c010af8c env->regs[R_EAX]=00000008
EAX=00000008 EBX=00000000 ECX=00000001 EDX=000001f7
ESI=00000002 EDI=c0102994 EBP=00000000 ESP=c010af8c
EIP=c0103358 EFL=00000202 [-------] CPL=0 II=0 A20=1 SMM=0 HLT=0
ES =0010 00000000 ffffffff 00cf9300 DPL=0 DS   [-WA]
CS =0008 00000000 ffffffff 00cf9a00 DPL=0 CS32 [-R-]
SS =0010 00000000 ffffffff 00cf9300 DPL=0 DS   [-WA]
DS =0010 00000000 ffffffff 00cf9300 DPL=0 DS   [-WA]
FS =0010 00000000 ffffffff 00cf9300 DPL=0 DS   [-WA]
GS =0010 00000000 ffffffff 00cf9300 DPL=0 DS   [-WA]
LDT=0000 00000000 0000ffff 00008200 DPL=0 LDT
TR =0000 00000000 0000ffff 00008b00 DPL=0 TSS32-busy
GDT=     c0102dfe 0000002f
IDT=     c01000e0 000007f7
CR0=80000011 CR2=00000000 CR3=00105000 CR4=00000010
DR0=00000000 DR1=00000000 DR2=00000000 DR3=00000000 
DR6=ffff0ff0 DR7=00000400
CCS=00000000 CCD=00000008 CCO=EFLAGS  
EFER=0000000000000000
     3: v=2e e=0000 i=1 cpl=0 IP=0008:c0103358 pc=c0103358 SP=0010:c010af8c env->regs[R_EAX]=00000008
EAX=00000008 EBX=00000000 ECX=00000001 EDX=000001f7
ESI=00000003 EDI=c0102b94 EBP=00000000 ESP=c010af8c
EIP=c0103358 EFL=00000202 [-------] CPL=0 II=0 A20=1 SMM=0 HLT=0
ES =0010 00000000 ffffffff 00cf9300 DPL=0 DS   [-WA]
CS =0008 00000000 ffffffff 00cf9a00 DPL=0 CS32 [-R-]
SS =0010 00000000 ffffffff 00cf9300 DPL=0 DS   [-WA]
DS =0010 00000000 ffffffff 00cf9300 DPL=0 DS   [-WA]
FS =0010 00000000 ffffffff 00cf9300 DPL=0 DS   [-WA]
GS =0010 00000000 ffffffff 00cf9300 DPL=0 DS   [-WA]
LDT=0000 00000000 0000ffff 00008200 DPL=0 LDT
TR =0000 00000000 0000ffff 00008b00 DPL=0 TSS32-busy
GDT=     c0102dfe 0000002f
IDT=     c01000e0 000007f7
CR0=80000011 CR2=00000000 CR3=00105000 CR4=00000010
DR0=00000000 DR1=00000000 DR2=00000000 DR3=00000000 
DR6=ffff0ff0 DR7=00000400
CCS=00000000 CCD=00000008 CCO=EFLAGS  
EFER=0000000000000000
     4: v=2e e=0000 i=1 cpl=0 IP=0008:c0103358 pc=c0103358 SP=0010:c010af64 env->regs[R_EAX]=00000008
EAX=00000008 EBX=00000000 ECX=00000001 EDX=000001f7
ESI=00000004 EDI=c0103811 EBP=00000000 ESP=c010af64
EIP=c0103358 EFL=00000202 [-------] CPL=0 II=0 A20=1 SMM=0 HLT=0
ES =0010 00000000 ffffffff 00cf9300 DPL=0 DS   [-WA]
CS =0008 00000000 ffffffff 00cf9a00 DPL=0 CS32 [-R-]
SS =0010 00000000 ffffffff 00cf9300 DPL=0 DS   [-WA]
DS =0010 00000000 ffffffff 00cf9300 DPL=0 DS   [-WA]
FS =0010 00000000 ffffffff 00cf9300 DPL=0 DS   [-WA]
GS =0010 00000000 ffffffff 00cf9300 DPL=0 DS   [-WA]
LDT=0000 00000000 0000ffff 00008200 DPL=0 LDT
TR =002b c0103598 00000068 0000e900 DPL=3 TSS32-avl
GDT=     c0102dfe 0000002f
IDT=     c01000e0 000007f7
CR0=80000011 CR2=00000000 CR3=00105000 CR4=00000010
DR0=00000000 DR1=00000000 DR2=00000000 DR3=00000000 
DR6=ffff0ff0 DR7=00000400
CCS=00000000 CCD=00000008 CCO=EFLAGS  
EFER=0000000000000000
     5: v=2e e=0000 i=1 cpl=0 IP=0008:c0103358 pc=c0103358 SP=0010:c010af5c env->regs[R_EAX]=00000008
EAX=00000008 EBX=00000000 ECX=00000001 EDX=000001f7
ESI=0000000c EDI=c0103811 EBP=00000000 ESP=c010af5c
EIP=c0103358 EFL=00000202 [-------] CPL=0 II=0 A20=1 SMM=0 HLT=0
ES =0010 00000000 ffffffff 00cf9300 DPL=0 DS   [-WA]
CS =0008 00000000 ffffffff 00cf9a00 DPL=0 CS32 [-R-]
SS =0010 00000000 ffffffff 00cf9300 DPL=0 DS   [-WA]
DS =0010 00000000 ffffffff 00cf9300 DPL=0 DS   [-WA]
FS =0010 00000000 ffffffff 00cf9300 DPL=0 DS   [-WA]
GS =0010 00000000 ffffffff 00cf9300 DPL=0 DS   [-WA]
LDT=0000 00000000 0000ffff 00008200 DPL=0 LDT
TR =002b c0103598 00000068 0000e900 DPL=3 TSS32-avl
GDT=     c0102dfe 0000002f
IDT=     c01000e0 000007f7
CR0=80000011 CR2=00000000 CR3=00105000 CR4=00000010
DR0=00000000 DR1=00000000 DR2=00000000 DR3=00000000 
DR6=ffff0ff0 DR7=00000400
CCS=00000000 CCD=00000008 CCO=EFLAGS  
EFER=0000000000000000
     6: v=2e e=0000 i=1 cpl=0 IP=0008:c0103358 pc=c0103358 SP=0010:c010af5c env->regs[R_EAX]=00000008
EAX=00000008 EBX=00000000 ECX=00000001 EDX=000001f7
ESI=0000000d EDI=c0103a11 EBP=00000000 ESP=c010af5c
EIP=c0103358 EFL=00000202 [-------] CPL=0 II=0 A20=1 SMM=0 HLT=0
ES =0010 00000000 ffffffff 00cf9300 DPL=0 DS   [-WA]
CS =0008 00000000 ffffffff 00cf9a00 DPL=0 CS32 [-R-]
SS =0010 00000000 ffffffff 00cf9300 DPL=0 DS   [-WA]
DS =0010 00000000 ffffffff 00cf9300 DPL=0 DS   [-WA]
FS =0010 00000000 ffffffff 00cf9300 DPL=0 DS   [-WA]
GS =0010 00000000 ffffffff 00cf9300 DPL=0 DS   [-WA]
LDT=0000 00000000 0000ffff 00008200 DPL=0 LDT
TR =002b c0103598 00000068 0000e900 DPL=3 TSS32-avl
GDT=     c0102dfe 0000002f
IDT=     c01000e0 000007f7
CR0=80000011 CR2=00000000 CR3=00105000 CR4=00000010
DR0=00000000 DR1=00000000 DR2=00000000 DR3=00000000 
DR6=ffff0ff0 DR7=00000400
CCS=00000000 CCD=00000008 CCO=EFLAGS  
EFER=0000000000000000
     7: v=2e e=0000 i=1 cpl=0 IP=0008:c0103358 pc=c0103358 SP=0010:c010af74 env->regs[R_EAX]=00000008
EAX=00000008 EBX=00000000 ECX=00000001 EDX=000001f7
ESI=0000001c EDI=c0103811 EBP=00000000 ESP=c010af74
EIP=c0103358 EFL=00000202 [-------] CPL=0 II=0 A20=1 SMM=0 HLT=0
ES =0010 00000000 ffffffff 00cf9300 DPL=0 DS   [-WA]
CS =0008 00000000 ffffffff 00cf9a00 DPL=0 CS32 [-R-]
SS =0010 00000000 ffffffff 00cf9300 DPL=0 DS   [-WA]
DS =0010 00000000 ffffffff 00cf9300 DPL=0 DS   [-WA]
FS =0010 00000000 ffffffff 00cf9300 DPL=0 DS   [-WA]
GS =0010 00000000 ffffffff 00cf9300 DPL=0 DS   [-WA]
LDT=0000 00000000 0000ffff 00008200 DPL=0 LDT
TR =002b c0103598 00000068 0000e900 DPL=3 TSS32-avl
GDT=     c0102dfe 0000002f
IDT=     c01000e0 000007f7
CR0=80000011 CR2=00000000 CR3=00105000 CR4=00000010
DR0=00000000 DR1=00000000 DR2=00000000 DR3=00000000 
DR6=ffff0ff0 DR7=00000400
CCS=00000000 CCD=00000008 CCO=EFLAGS  
EFER=0000000000000000
     8: v=2e e=0000 i=1 cpl=0 IP=0008:c0103358 pc=c0103358 SP=0010:c010af74 env->regs[R_EAX]=00000008
EAX=00000008 EBX=00000000 ECX=00000001 EDX=000001f7
ESI=0000001d EDI=c0103a11 EBP=00000000 ESP=c010af74
EIP=c0103358 EFL=00000202 [-------] CPL=0 II=0 A20=1 SMM=0 HLT=0
ES =0010 00000000 ffffffff 00cf9300 DPL=0 DS   [-WA]
CS =0008 00000000 ffffffff 00cf9a00 DPL=0 CS32 [-R-]
SS =0010 00000000 ffffffff 00cf9300 DPL=0 DS   [-WA]
DS =0010 00000000 ffffffff 00cf9300 DPL=0 DS   [-WA]
FS =0010 00000000 ffffffff 00cf9300 DPL=0 DS   [-WA]
GS =0010 00000000 ffffffff 00cf9300 DPL=0 DS   [-WA]
LDT=0000 00000000 0000ffff 00008200 DPL=0 LDT
TR =002b c0103598 00000068 0000e900 DPL=3 TSS32-avl
GDT=     c0102dfe 0000002f
IDT=     c01000e0 000007f7
CR0=80000011 CR2=00000000 CR3=00105000 CR4=00000010
DR0=00000000 DR1=00000000 DR2=00000000 DR3=00000000 
DR6=ffff0ff0 DR7=00000400
CCS=00000000 CCD=00000008 CCO=EFLAGS  
EFER=0000000000000000
     9: v=2e e=0000 i=1 cpl=0 IP=0008:c0103358 pc=c0103358 SP=0010:c010af7c env->regs[R_EAX]=00000008
EAX=00000008 EBX=00000000 ECX=00000001 EDX=000001f7
ESI=00000004 EDI=c0103811 EBP=00000000 ESP=c010af7c
EIP=c0103358 EFL=00000202 [-------] CPL=0 II=0 A20=1 SMM=0 HLT=0
ES =0010 00000000 ffffffff 00cf9300 DPL=0 DS   [-WA]
CS =0008 00000000 ffffffff 00cf9a00 DPL=0 CS32 [-R-]
SS =0010 00000000 ffffffff 00cf9300 DPL=0 DS   [-WA]
DS =0010 00000000 ffffffff 00cf9300 DPL=0 DS   [-WA]
FS =0010 00000000 ffffffff 00cf9300 DPL=0 DS   [-WA]
GS =0010 00000000 ffffffff 00cf9300 DPL=0 DS   [-WA]
LDT=0000 00000000 0000ffff 00008200 DPL=0 LDT
TR =002b c0103598 00000068 0000e900 DPL=3 TSS32-avl
GDT=     c0102dfe 0000002f
IDT=     c01000e0 000007f7
CR0=80000011 CR2=00000000 CR3=00105000 CR4=00000010
DR0=00000000 DR1=00000000 DR2=00000000 DR3=00000000 
DR6=ffff0ff0 DR7=00000400
CCS=00000000 CCD=00000008 CCO=EFLAGS  
EFER=0000000000000000
    10: v=2e e=0000 i=1 cpl=0 IP=0008:c0103358 pc=c0103358 SP=0010:c010af74 env->regs[R_EAX]=00000008
EAX=00000008 EBX=00000000 ECX=00000001 EDX=000001f7
ESI=0000000e EDI=c0103811 EBP=00000000 ESP=c010af74
EIP=c0103358 EFL=00000202 [-------] CPL=0 II=0 A20=1 SMM=0 HLT=0
ES =0010 00000000 ffffffff 00cf9300 DPL=0 DS   [-WA]
CS =0008 00000000 ffffffff 00cf9a00 DPL=0 CS32 [-R-]
SS =0010 00000000 ffffffff 00cf9300 DPL=0 DS   [-WA]
DS =0010 00000000 ffffffff 00cf9300 DPL=0 DS   [-WA]
FS =0010 00000000 ffffffff 00cf9300 DPL=0 DS   [-WA]
GS =0010 00000000 ffffffff 00cf9300 DPL=0 DS   [-WA]
LDT=0000 00000000 0000ffff 00008200 DPL=0 LDT
TR =002b c0103598 00000068 0000e900 DPL=3 TSS32-avl
GDT=     c0102dfe 0000002f
IDT=     c01000e0 000007f7
CR0=80000011 CR2=00000000 CR3=00105000 CR4=00000010
DR0=00000000 DR1=00000000 DR2=00000000 DR3=00000000 
DR6=ffff0ff0 DR7=00000400
CCS=00000000 CCD=00000008 CCO=EFLAGS  
EFER=0000000000000000
    11: v=2e e=0000 i=1 cpl=0 IP=0008:c0103358 pc=c0103358 SP=0010:c010af74 env->regs[R_EAX]=00000008
EAX=00000008 EBX=00000000 ECX=00000001 EDX=000001f7
ESI=0000000f EDI=c0103a11 EBP=00000000 ESP=c010af74
EIP=c0103358 EFL=00000202 [-------] CPL=0 II=0 A20=1 SMM=0 HLT=0
ES =0010 00000000 ffffffff 00cf9300 DPL=0 DS   [-WA]
CS =0008 00000000 ffffffff 00cf9a00 DPL=0 CS32 [-R-]
SS =0010 00000000 ffffffff 00cf9300 DPL=0 DS   [-WA]
DS =0010 00000000 ffffffff 00cf9300 DPL=0 DS   [-WA]
FS =0010 00000000 ffffffff 00cf9300 DPL=0 DS   [-WA]
GS =0010 00000000 ffffffff 00cf9300 DPL=0 DS   [-WA]
LDT=0000 00000000 0000ffff 00008200 DPL=0 LDT
TR =002b c0103598 00000068 0000e900 DPL=3 TSS32-avl
GDT=     c0102dfe 0000002f
IDT=     c01000e0 000007f7
CR0=80000011 CR2=00000000 CR3=00105000 CR4=00000010
DR0=00000000 DR1=00000000 DR2=00000000 DR3=00000000 
DR6=ffff0ff0 DR7=00000400
CCS=00000000 CCD=00000008 CCO=EFLAGS  
EFER=0000000000000000
    12: v=2e e=0000 i=1 cpl=0 IP=0008:c0103358 pc=c0103358 SP=0010:c010af88 env->regs[R_EAX]=00000008
EAX=00000008 EBX=00000000 ECX=00000001 EDX=000001f7
ESI=0000003e EDI=c0103811 EBP=00000000 ESP=c010af88
EIP=c0103358 EFL=00000202 [-------] CPL=0 II=0 A20=1 SMM=0 HLT=0
ES =0010 00000000 ffffffff 00cf9300 DPL=0 DS   [-WA]
CS =0008 00000000 ffffffff 00cf9a00 DPL=0 CS32 [-R-]
SS =0010 00000000 ffffffff 00cf9300 DPL=0 DS   [-WA]
DS =0010 00000000 ffffffff 00cf9300 DPL=0 DS   [-WA]
FS =0010 00000000 ffffffff 00cf9300 DPL=0 DS   [-WA]
GS =0010 00000000 ffffffff 00cf9300 DPL=0 DS   [-WA]
LDT=0000 00000000 0000ffff 00008200 DPL=0 LDT
TR =002b c0103598 00000068 0000e900 DPL=3 TSS32-avl
GDT=     c0102dfe 0000002f
IDT=     c01000e0 000007f7
CR0=80000011 CR2=00000000 CR3=00105000 CR4=00000010
DR0=00000000 DR1=00000000 DR2=00000000 DR3=00000000 
DR6=ffff0ff0 DR7=00000400
CCS=00000000 CCD=00000008 CCO=EFLAGS  
EFER=0000000000000000
    13: v=2e e=0000 i=1 cpl=0 IP=0008:c0103358 pc=c0103358 SP=0010:c010af88 env->regs[R_EAX]=00000008
EAX=00000008 EBX=00000000 ECX=00000001 EDX=000001f7
ESI=0000003f EDI=c0103a11 EBP=00000000 ESP=c010af88
EIP=c0103358 EFL=00000202 [-------] CPL=0 II=0 A20=1 SMM=0 HLT=0
ES =0010 00000000 ffffffff 00cf9300 DPL=0 DS   [-WA]
CS =0008 00000000 ffffffff 00cf9a00 DPL=0 CS32 [-R-]
SS =0010 00000000 ffffffff 00cf9300 DPL=0 DS   [-WA]
DS =0010 00000000 ffffffff 00cf9300 DPL=0 DS   [-WA]
FS =0010 00000000 ffffffff 00cf9300 DPL=0 DS   [-WA]
GS =0010 00000000 ffffffff 00cf9300 DPL=0 DS   [-WA]
LDT=0000 00000000 0000ffff 00008200 DPL=0 LDT
TR =002b c0103598 00000068 0000e900 DPL=3 TSS32-avl
GDT=     c0102dfe 0000002f
IDT=     c01000e0 000007f7
CR0=80000011 CR2=00000000 CR3=00105000 CR4=00000010
DR0=00000000 DR1=00000000 DR2=00000000 DR3=00000000 
DR6=ffff0ff0 DR7=00000400
CCS=00000000 CCD=00000008 CCO=EFLAGS  
EFER=0000000000000000
