SMM: enter
EAX=00000001 EBX=00000000 ECX=02000000 EDX=02000628
ESI=0000000b EDI=02000000 EBP=000f254b ESP=00006ce0
EIP=000eaee6 EFL=00000002 [-------] CPL=0 II=0 A20=1 SMM=0 HLT=0
ES =0010 00000000 ffffffff 00cf9300 DPL=0 DS   [-WA]
CS =0008 00000000 ffffffff 00cf9b00 DPL=0 CS32 [-RA]
SS =0010 00000000 ffffffff 00cf9300 DPL=0 DS   [-WA]
DS =0010 00000000 ffffffff 00cf9300 DPL=0 DS   [-WA]
FS =0010 00000000 ffffffff 00cf9300 DPL=0 DS   [-WA]
GS =0010 00000000 ffffffff 00cf9300 DPL=0 DS   [-WA]
LDT=0000 00000000 0000ffff 00008200 DPL=0 LDT
TR =0000 00000000 0000ffff 00008b00 DPL=0 TSS32-busy
GDT=     000f62c0 00000037
IDT=     000f62fe 00000000
CR0=00000011 CR2=00000000 CR3=00000000 CR4=00000000
DR0=0000000000000000 DR1=0000000000000000 DR2=0000000000000000 DR3=0000000000000000 
DR6=00000000ffff0ff0 DR7=0000000000000400
CCS=00000080 CCD=00000001 CCO=LOGICB  
EFER=0000000000000000
SMM: after RSM
EAX=00000001 EBX=00000000 ECX=02000000 EDX=02000628
ESI=0000000b EDI=02000000 EBP=000f254b ESP=00006ce0
EIP=000eaee6 EFL=00000002 [-------] CPL=0 II=0 A20=1 SMM=0 HLT=0
ES =0010 00000000 ffffffff 00c09300 DPL=0 DS   [-WA]
CS =0008 00000000 ffffffff 00c09b00 DPL=0 CS32 [-RA]
SS =0010 00000000 ffffffff 00c09300 DPL=0 DS   [-WA]
DS =0010 00000000 ffffffff 00c09300 DPL=0 DS   [-WA]
FS =0010 00000000 ffffffff 00c09300 DPL=0 DS   [-WA]
GS =0010 00000000 ffffffff 00c09300 DPL=0 DS   [-WA]
LDT=0000 00000000 0000ffff 00008200 DPL=0 LDT
TR =0000 00000000 0000ffff 00008b00 DPL=0 TSS32-busy
GDT=     000f62c0 00000037
IDT=     000f62fe 00000000
CR0=00000011 CR2=00000000 CR3=00000000 CR4=00000000
DR0=0000000000000000 DR1=0000000000000000 DR2=0000000000000000 DR3=0000000000000000 
DR6=00000000ffff0ff0 DR7=0000000000000400
CCS=00000000 CCD=00000000 CCO=EFLAGS  
EFER=0000000000000000
SMM: enter
EAX=000000b5 EBX=000f7dc9 ECX=00001234 EDX=00006cff
ESI=00006c80 EDI=03fbec8f EBP=00006c40 ESP=00006c40
EIP=00007dc8 EFL=00000002 [-------] CPL=0 II=0 A20=1 SMM=0 HLT=0
ES =db00 000db000 ffffffff 008f9300
CS =f000 000f0000 ffffffff 008f9b00
SS =0000 00000000 ffffffff 008f9300
DS =0000 00000000 ffffffff 008f9300
FS =0000 00000000 ffffffff 008f9300
GS =0000 00000000 ffffffff 008f9300
LDT=0000 00000000 0000ffff 00008200
TR =0000 00000000 0000ffff 00008b00
GDT=     00000000 00000000
IDT=     00000000 000003ff
CR0=00000010 CR2=00000000 CR3=00000000 CR4=00000000
DR0=0000000000000000 DR1=0000000000000000 DR2=0000000000000000 DR3=0000000000000000 
DR6=00000000ffff0ff0 DR7=0000000000000400
CCS=00000000 CCD=00006c40 CCO=EFLAGS  
EFER=0000000000000000
SMM: after RSM
EAX=000000b5 EBX=000f7dc9 ECX=00001234 EDX=00006cff
ESI=00006c80 EDI=03fbec8f EBP=00006c40 ESP=00006c40
EIP=000f7dc9 EFL=00000002 [-------] CPL=0 II=0 A20=1 SMM=0 HLT=0
ES =0010 00000000 ffffffff 00c09300 DPL=0 DS   [-WA]
CS =0008 00000000 ffffffff 00c09b00 DPL=0 CS32 [-RA]
SS =0010 00000000 ffffffff 00c09300 DPL=0 DS   [-WA]
DS =0010 00000000 ffffffff 00c09300 DPL=0 DS   [-WA]
FS =0010 00000000 ffffffff 00c09300 DPL=0 DS   [-WA]
GS =0010 00000000 ffffffff 00c09300 DPL=0 DS   [-WA]
LDT=0000 00000000 0000ffff 00008200 DPL=0 LDT
TR =0000 00000000 0000ffff 00008b00 DPL=0 TSS32-busy
GDT=     000f62c0 00000037
IDT=     000f62fe 00000000
CR0=00000011 CR2=00000000 CR3=00000000 CR4=00000000
DR0=0000000000000000 DR1=0000000000000000 DR2=0000000000000000 DR3=0000000000000000 
DR6=00000000ffff0ff0 DR7=0000000000000400
CCS=00000000 CCD=00000000 CCO=EFLAGS  
EFER=0000000000000000
SMM: enter
EAX=000000b5 EBX=00007de3 ECX=00005678 EDX=03fa90d0
ESI=000ea060 EDI=03fbec8f EBP=00006c40 ESP=00006c40
EIP=000f7de2 EFL=00000002 [-------] CPL=0 II=0 A20=1 SMM=0 HLT=0
ES =0010 00000000 ffffffff 00c09300 DPL=0 DS   [-WA]
CS =0008 00000000 ffffffff 00c09b00 DPL=0 CS32 [-RA]
SS =0010 00000000 ffffffff 00c09300 DPL=0 DS   [-WA]
DS =0010 00000000 ffffffff 00c09300 DPL=0 DS   [-WA]
FS =0010 00000000 ffffffff 00c09300 DPL=0 DS   [-WA]
GS =0010 00000000 ffffffff 00c09300 DPL=0 DS   [-WA]
LDT=0000 00000000 0000ffff 00008200 DPL=0 LDT
TR =0000 00000000 0000ffff 00008b00 DPL=0 TSS32-busy
GDT=     000f62c0 00000037
IDT=     000f62fe 00000000
CR0=00000011 CR2=00000000 CR3=00000000 CR4=00000000
DR0=0000000000000000 DR1=0000000000000000 DR2=0000000000000000 DR3=0000000000000000 
DR6=00000000ffff0ff0 DR7=0000000000000400
CCS=00000000 CCD=00006c2c CCO=EFLAGS  
EFER=0000000000000000
SMM: after RSM
EAX=000000b5 EBX=00007de3 ECX=00005678 EDX=03fa90d0
ESI=000ea060 EDI=03fbec8f EBP=00006c40 ESP=00006c40
EIP=00007de3 EFL=00000002 [-------] CPL=0 II=0 A20=1 SMM=0 HLT=0
ES =db00 000db000 ffffffff 00809300
CS =f000 000f0000 ffffffff 00809b00
SS =0000 00000000 ffffffff 00809300
DS =0000 00000000 ffffffff 00809300
FS =0000 00000000 ffffffff 00809300
GS =0000 00000000 ffffffff 00809300
LDT=0000 00000000 0000ffff 00008200
TR =0000 00000000 0000ffff 00008b00
GDT=     00000000 00000000
IDT=     00000000 000003ff
CR0=00000010 CR2=00000000 CR3=00000000 CR4=00000000
DR0=0000000000000000 DR1=0000000000000000 DR2=0000000000000000 DR3=0000000000000000 
DR6=00000000ffff0ff0 DR7=0000000000000400
CCS=00000000 CCD=00000001 CCO=EFLAGS  
EFER=0000000000000000
SMM: enter
EAX=000000b5 EBX=000f7dc9 ECX=00001234 EDX=000069ff
ESI=0000696a EDI=03fbec8f EBP=0000692a ESP=0000692a
EIP=00007dc8 EFL=00000002 [-------] CPL=0 II=0 A20=1 SMM=0 HLT=0
ES =db00 000db000 ffffffff 008f9300
CS =f000 000f0000 ffffffff 008f9b00
SS =0000 00000000 ffffffff 008f9300
DS =0000 00000000 ffffffff 008f9300
FS =0000 00000000 ffffffff 008f9300
GS =ca00 000ca000 ffffffff 008f9300
LDT=0000 00000000 0000ffff 00008200
TR =0000 00000000 0000ffff 00008b00
GDT=     00000000 00000000
IDT=     00000000 000003ff
CR0=00000010 CR2=00000000 CR3=00000000 CR4=00000000
DR0=0000000000000000 DR1=0000000000000000 DR2=0000000000000000 DR3=0000000000000000 
DR6=00000000ffff0ff0 DR7=0000000000000400
CCS=00000000 CCD=0000692a CCO=EFLAGS  
EFER=0000000000000000
SMM: after RSM
EAX=000000b5 EBX=000f7dc9 ECX=00001234 EDX=000069ff
ESI=0000696a EDI=03fbec8f EBP=0000692a ESP=0000692a
EIP=000f7dc9 EFL=00000002 [-------] CPL=0 II=0 A20=1 SMM=0 HLT=0
ES =0010 00000000 ffffffff 00c09300 DPL=0 DS   [-WA]
CS =0008 00000000 ffffffff 00c09b00 DPL=0 CS32 [-RA]
SS =0010 00000000 ffffffff 00c09300 DPL=0 DS   [-WA]
DS =0010 00000000 ffffffff 00c09300 DPL=0 DS   [-WA]
FS =0010 00000000 ffffffff 00c09300 DPL=0 DS   [-WA]
GS =0010 00000000 ffffffff 00c09300 DPL=0 DS   [-WA]
LDT=0000 00000000 0000ffff 00008200 DPL=0 LDT
TR =0000 00000000 0000ffff 00008b00 DPL=0 TSS32-busy
GDT=     000f62c0 00000037
IDT=     000f62fe 00000000
CR0=00000011 CR2=00000000 CR3=00000000 CR4=00000000
DR0=0000000000000000 DR1=0000000000000000 DR2=0000000000000000 DR3=0000000000000000 
DR6=00000000ffff0ff0 DR7=0000000000000400
CCS=00000000 CCD=00000000 CCO=EFLAGS  
EFER=0000000000000000
SMM: enter
EAX=000000b5 EBX=00007de3 ECX=00005678 EDX=00000005
ESI=00000000 EDI=03fbec8f EBP=0000692a ESP=0000692a
EIP=000f7de2 EFL=00000012 [----A--] CPL=0 II=0 A20=1 SMM=0 HLT=0
ES =0010 00000000 ffffffff 00c09300 DPL=0 DS   [-WA]
CS =0008 00000000 ffffffff 00c09b00 DPL=0 CS32 [-RA]
SS =0010 00000000 ffffffff 00c09300 DPL=0 DS   [-WA]
DS =0010 00000000 ffffffff 00c09300 DPL=0 DS   [-WA]
FS =0010 00000000 ffffffff 00c09300 DPL=0 DS   [-WA]
GS =0010 00000000 ffffffff 00c09300 DPL=0 DS   [-WA]
LDT=0000 00000000 0000ffff 00008200 DPL=0 LDT
TR =0000 00000000 0000ffff 00008b00 DPL=0 TSS32-busy
GDT=     000f62c0 00000037
IDT=     000f62fe 00000000
CR0=00000011 CR2=00000000 CR3=00000000 CR4=00000000
DR0=0000000000000000 DR1=0000000000000000 DR2=0000000000000000 DR3=0000000000000000 
DR6=00000000ffff0ff0 DR7=0000000000000400
CCS=00000010 CCD=00006916 CCO=EFLAGS  
EFER=0000000000000000
SMM: after RSM
EAX=000000b5 EBX=00007de3 ECX=00005678 EDX=00000005
ESI=00000000 EDI=03fbec8f EBP=0000692a ESP=0000692a
EIP=00007de3 EFL=00000002 [-------] CPL=0 II=0 A20=1 SMM=0 HLT=0
ES =db00 000db000 ffffffff 00809300
CS =f000 000f0000 ffffffff 00809b00
SS =0000 00000000 ffffffff 00809300
DS =0000 00000000 ffffffff 00809300
FS =0000 00000000 ffffffff 00809300
GS =ca00 000ca000 ffffffff 00809300
LDT=0000 00000000 0000ffff 00008200
TR =0000 00000000 0000ffff 00008b00
GDT=     00000000 00000000
IDT=     00000000 000003ff
CR0=00000010 CR2=00000000 CR3=00000000 CR4=00000000
DR0=0000000000000000 DR1=0000000000000000 DR2=0000000000000000 DR3=0000000000000000 
DR6=00000000ffff0ff0 DR7=0000000000000400
CCS=00000000 CCD=00000001 CCO=EFLAGS  
EFER=0000000000000000
SMM: enter
EAX=000000b5 EBX=000f7dc9 ECX=00001234 EDX=000069ff
ESI=00006964 EDI=03fbec8f EBP=00006924 ESP=00006924
EIP=00007dc8 EFL=00000006 [-----P-] CPL=0 II=0 A20=1 SMM=0 HLT=0
ES =db00 000db000 ffffffff 00809300
CS =f000 000f0000 ffffffff 00809b00
SS =0000 00000000 ffffffff 00809300
DS =0000 00000000 ffffffff 00809300
FS =0000 00000000 ffffffff 00809300
GS =ca00 000ca000 ffffffff 00809300
LDT=0000 00000000 0000ffff 00008200
TR =0000 00000000 0000ffff 00008b00
GDT=     00000000 00000000
IDT=     00000000 000003ff
CR0=00000010 CR2=00000000 CR3=00000000 CR4=00000000
DR0=0000000000000000 DR1=0000000000000000 DR2=0000000000000000 DR3=0000000000000000 
DR6=00000000ffff0ff0 DR7=0000000000000400
CCS=00000004 CCD=00006924 CCO=EFLAGS  
EFER=0000000000000000
SMM: after RSM
EAX=000000b5 EBX=000f7dc9 ECX=00001234 EDX=000069ff
ESI=00006964 EDI=03fbec8f EBP=00006924 ESP=00006924
EIP=000f7dc9 EFL=00000002 [-------] CPL=0 II=0 A20=1 SMM=0 HLT=0
ES =0010 00000000 ffffffff 00c09300 DPL=0 DS   [-WA]
CS =0008 00000000 ffffffff 00c09b00 DPL=0 CS32 [-RA]
SS =0010 00000000 ffffffff 00c09300 DPL=0 DS   [-WA]
DS =0010 00000000 ffffffff 00c09300 DPL=0 DS   [-WA]
FS =0010 00000000 ffffffff 00c09300 DPL=0 DS   [-WA]
GS =0010 00000000 ffffffff 00c09300 DPL=0 DS   [-WA]
LDT=0000 00000000 0000ffff 00008200 DPL=0 LDT
TR =0000 00000000 0000ffff 00008b00 DPL=0 TSS32-busy
GDT=     000f62c0 00000037
IDT=     000f62fe 00000000
CR0=00000011 CR2=00000000 CR3=00000000 CR4=00000000
DR0=0000000000000000 DR1=0000000000000000 DR2=0000000000000000 DR3=0000000000000000 
DR6=00000000ffff0ff0 DR7=0000000000000400
CCS=00000000 CCD=00000000 CCO=EFLAGS  
EFER=0000000000000000
SMM: enter
EAX=000000b5 EBX=00007de3 ECX=00005678 EDX=00000003
ESI=03f914a0 EDI=03fbec8f EBP=00006924 ESP=00006924
EIP=000f7de2 EFL=00000012 [----A--] CPL=0 II=0 A20=1 SMM=0 HLT=0
ES =0010 00000000 ffffffff 00c09300 DPL=0 DS   [-WA]
CS =0008 00000000 ffffffff 00c09b00 DPL=0 CS32 [-RA]
SS =0010 00000000 ffffffff 00c09300 DPL=0 DS   [-WA]
DS =0010 00000000 ffffffff 00c09300 DPL=0 DS   [-WA]
FS =0010 00000000 ffffffff 00c09300 DPL=0 DS   [-WA]
GS =0010 00000000 ffffffff 00c09300 DPL=0 DS   [-WA]
LDT=0000 00000000 0000ffff 00008200 DPL=0 LDT
TR =0000 00000000 0000ffff 00008b00 DPL=0 TSS32-busy
GDT=     000f62c0 00000037
IDT=     000f62fe 00000000
CR0=00000011 CR2=00000000 CR3=00000000 CR4=00000000
DR0=0000000000000000 DR1=0000000000000000 DR2=0000000000000000 DR3=0000000000000000 
DR6=00000000ffff0ff0 DR7=0000000000000400
CCS=00000010 CCD=00006910 CCO=EFLAGS  
EFER=0000000000000000
SMM: after RSM
EAX=000000b5 EBX=00007de3 ECX=00005678 EDX=00000003
ESI=03f914a0 EDI=03fbec8f EBP=00006924 ESP=00006924
EIP=00007de3 EFL=00000006 [-----P-] CPL=0 II=0 A20=1 SMM=0 HLT=0
ES =db00 000db000 ffffffff 00809300
CS =f000 000f0000 ffffffff 00809b00
SS =0000 00000000 ffffffff 00809300
DS =0000 00000000 ffffffff 00809300
FS =0000 00000000 ffffffff 00809300
GS =ca00 000ca000 ffffffff 00809300
LDT=0000 00000000 0000ffff 00008200
TR =0000 00000000 0000ffff 00008b00
GDT=     00000000 00000000
IDT=     00000000 000003ff
CR0=00000010 CR2=00000000 CR3=00000000 CR4=00000000
DR0=0000000000000000 DR1=0000000000000000 DR2=0000000000000000 DR3=0000000000000000 
DR6=00000000ffff0ff0 DR7=0000000000000400
CCS=00000004 CCD=00000001 CCO=EFLAGS  
EFER=0000000000000000
SMM: enter
EAX=000000b5 EBX=000f7dc9 ECX=00001234 EDX=000069ff
ESI=0000696a EDI=03fbec8f EBP=0000692a ESP=0000692a
EIP=00007dc8 EFL=00000002 [-------] CPL=0 II=0 A20=1 SMM=0 HLT=0
ES =db00 000db000 ffffffff 00809300
CS =f000 000f0000 ffffffff 00809b00
SS =0000 00000000 ffffffff 00809300
DS =0000 00000000 ffffffff 00809300
FS =0000 00000000 ffffffff 00809300
GS =ca00 000ca000 ffffffff 00809300
LDT=0000 00000000 0000ffff 00008200
TR =0000 00000000 0000ffff 00008b00
GDT=     00000000 00000000
IDT=     00000000 000003ff
CR0=00000010 CR2=00000000 CR3=00000000 CR4=00000000
DR0=0000000000000000 DR1=0000000000000000 DR2=0000000000000000 DR3=0000000000000000 
DR6=00000000ffff0ff0 DR7=0000000000000400
CCS=00000000 CCD=0000692a CCO=EFLAGS  
EFER=0000000000000000
SMM: after RSM
EAX=000000b5 EBX=000f7dc9 ECX=00001234 EDX=000069ff
ESI=0000696a EDI=03fbec8f EBP=0000692a ESP=0000692a
EIP=000f7dc9 EFL=00000002 [-------] CPL=0 II=0 A20=1 SMM=0 HLT=0
ES =0010 00000000 ffffffff 00c09300 DPL=0 DS   [-WA]
CS =0008 00000000 ffffffff 00c09b00 DPL=0 CS32 [-RA]
SS =0010 00000000 ffffffff 00c09300 DPL=0 DS   [-WA]
DS =0010 00000000 ffffffff 00c09300 DPL=0 DS   [-WA]
FS =0010 00000000 ffffffff 00c09300 DPL=0 DS   [-WA]
GS =0010 00000000 ffffffff 00c09300 DPL=0 DS   [-WA]
LDT=0000 00000000 0000ffff 00008200 DPL=0 LDT
TR =0000 00000000 0000ffff 00008b00 DPL=0 TSS32-busy
GDT=     000f62c0 00000037
IDT=     000f62fe 00000000
CR0=00000011 CR2=00000000 CR3=00000000 CR4=00000000
DR0=0000000000000000 DR1=0000000000000000 DR2=0000000000000000 DR3=0000000000000000 
DR6=00000000ffff0ff0 DR7=0000000000000400
CCS=00000000 CCD=00000000 CCO=EFLAGS  
EFER=0000000000000000
SMM: enter
EAX=000000b5 EBX=00007de3 ECX=00005678 EDX=00000005
ESI=00000000 EDI=03fbec8f EBP=0000692a ESP=0000692a
EIP=000f7de2 EFL=00000012 [----A--] CPL=0 II=0 A20=1 SMM=0 HLT=0
ES =0010 00000000 ffffffff 00c09300 DPL=0 DS   [-WA]
CS =0008 00000000 ffffffff 00c09b00 DPL=0 CS32 [-RA]
SS =0010 00000000 ffffffff 00c09300 DPL=0 DS   [-WA]
DS =0010 00000000 ffffffff 00c09300 DPL=0 DS   [-WA]
FS =0010 00000000 ffffffff 00c09300 DPL=0 DS   [-WA]
GS =0010 00000000 ffffffff 00c09300 DPL=0 DS   [-WA]
LDT=0000 00000000 0000ffff 00008200 DPL=0 LDT
TR =0000 00000000 0000ffff 00008b00 DPL=0 TSS32-busy
GDT=     000f62c0 00000037
IDT=     000f62fe 00000000
CR0=00000011 CR2=00000000 CR3=00000000 CR4=00000000
DR0=0000000000000000 DR1=0000000000000000 DR2=0000000000000000 DR3=0000000000000000 
DR6=00000000ffff0ff0 DR7=0000000000000400
CCS=00000010 CCD=00006916 CCO=EFLAGS  
EFER=0000000000000000
SMM: after RSM
EAX=000000b5 EBX=00007de3 ECX=00005678 EDX=00000005
ESI=00000000 EDI=03fbec8f EBP=0000692a ESP=0000692a
EIP=00007de3 EFL=00000002 [-------] CPL=0 II=0 A20=1 SMM=0 HLT=0
ES =db00 000db000 ffffffff 00809300
CS =f000 000f0000 ffffffff 00809b00
SS =0000 00000000 ffffffff 00809300
DS =0000 00000000 ffffffff 00809300
FS =0000 00000000 ffffffff 00809300
GS =ca00 000ca000 ffffffff 00809300
LDT=0000 00000000 0000ffff 00008200
TR =0000 00000000 0000ffff 00008b00
GDT=     00000000 00000000
IDT=     00000000 000003ff
CR0=00000010 CR2=00000000 CR3=00000000 CR4=00000000
DR0=0000000000000000 DR1=0000000000000000 DR2=0000000000000000 DR3=0000000000000000 
DR6=00000000ffff0ff0 DR7=0000000000000400
CCS=00000000 CCD=00000001 CCO=EFLAGS  
EFER=0000000000000000
SMM: enter
EAX=000000b5 EBX=000f7dc9 ECX=00001234 EDX=000069ff
ESI=00006964 EDI=03fbec8f EBP=00006924 ESP=00006924
EIP=00007dc8 EFL=00000006 [-----P-] CPL=0 II=0 A20=1 SMM=0 HLT=0
ES =db00 000db000 ffffffff 00809300
CS =f000 000f0000 ffffffff 00809b00
SS =0000 00000000 ffffffff 00809300
DS =0000 00000000 ffffffff 00809300
FS =0000 00000000 ffffffff 00809300
GS =ca00 000ca000 ffffffff 00809300
LDT=0000 00000000 0000ffff 00008200
TR =0000 00000000 0000ffff 00008b00
GDT=     00000000 00000000
IDT=     00000000 000003ff
CR0=00000010 CR2=00000000 CR3=00000000 CR4=00000000
DR0=0000000000000000 DR1=0000000000000000 DR2=0000000000000000 DR3=0000000000000000 
DR6=00000000ffff0ff0 DR7=0000000000000400
CCS=00000004 CCD=00006924 CCO=EFLAGS  
EFER=0000000000000000
SMM: after RSM
EAX=000000b5 EBX=000f7dc9 ECX=00001234 EDX=000069ff
ESI=00006964 EDI=03fbec8f EBP=00006924 ESP=00006924
EIP=000f7dc9 EFL=00000002 [-------] CPL=0 II=0 A20=1 SMM=0 HLT=0
ES =0010 00000000 ffffffff 00c09300 DPL=0 DS   [-WA]
CS =0008 00000000 ffffffff 00c09b00 DPL=0 CS32 [-RA]
SS =0010 00000000 ffffffff 00c09300 DPL=0 DS   [-WA]
DS =0010 00000000 ffffffff 00c09300 DPL=0 DS   [-WA]
FS =0010 00000000 ffffffff 00c09300 DPL=0 DS   [-WA]
GS =0010 00000000 ffffffff 00c09300 DPL=0 DS   [-WA]
LDT=0000 00000000 0000ffff 00008200 DPL=0 LDT
TR =0000 00000000 0000ffff 00008b00 DPL=0 TSS32-busy
GDT=     000f62c0 00000037
IDT=     000f62fe 00000000
CR0=00000011 CR2=00000000 CR3=00000000 CR4=00000000
DR0=0000000000000000 DR1=0000000000000000 DR2=0000000000000000 DR3=0000000000000000 
DR6=00000000ffff0ff0 DR7=0000000000000400
CCS=00000000 CCD=00000000 CCO=EFLAGS  
EFER=0000000000000000
SMM: enter
EAX=000000b5 EBX=00007de3 ECX=00005678 EDX=00000003
ESI=03ef14a0 EDI=03fbec8f EBP=00006924 ESP=00006924
EIP=000f7de2 EFL=00000012 [----A--] CPL=0 II=0 A20=1 SMM=0 HLT=0
ES =0010 00000000 ffffffff 00c09300 DPL=0 DS   [-WA]
CS =0008 00000000 ffffffff 00c09b00 DPL=0 CS32 [-RA]
SS =0010 00000000 ffffffff 00c09300 DPL=0 DS   [-WA]
DS =0010 00000000 ffffffff 00c09300 DPL=0 DS   [-WA]
FS =0010 00000000 ffffffff 00c09300 DPL=0 DS   [-WA]
GS =0010 00000000 ffffffff 00c09300 DPL=0 DS   [-WA]
LDT=0000 00000000 0000ffff 00008200 DPL=0 LDT
TR =0000 00000000 0000ffff 00008b00 DPL=0 TSS32-busy
GDT=     000f62c0 00000037
IDT=     000f62fe 00000000
CR0=00000011 CR2=00000000 CR3=00000000 CR4=00000000
DR0=0000000000000000 DR1=0000000000000000 DR2=0000000000000000 DR3=0000000000000000 
DR6=00000000ffff0ff0 DR7=0000000000000400
CCS=00000010 CCD=00006910 CCO=EFLAGS  
EFER=0000000000000000
SMM: after RSM
EAX=000000b5 EBX=00007de3 ECX=00005678 EDX=00000003
ESI=03ef14a0 EDI=03fbec8f EBP=00006924 ESP=00006924
EIP=00007de3 EFL=00000006 [-----P-] CPL=0 II=0 A20=1 SMM=0 HLT=0
ES =db00 000db000 ffffffff 00809300
CS =f000 000f0000 ffffffff 00809b00
SS =0000 00000000 ffffffff 00809300
DS =0000 00000000 ffffffff 00809300
FS =0000 00000000 ffffffff 00809300
GS =ca00 000ca000 ffffffff 00809300
LDT=0000 00000000 0000ffff 00008200
TR =0000 00000000 0000ffff 00008b00
GDT=     00000000 00000000
IDT=     00000000 000003ff
CR0=00000010 CR2=00000000 CR3=00000000 CR4=00000000
DR0=0000000000000000 DR1=0000000000000000 DR2=0000000000000000 DR3=0000000000000000 
DR6=00000000ffff0ff0 DR7=0000000000000400
CCS=00000004 CCD=00000001 CCO=EFLAGS  
EFER=0000000000000000
     0: v=2e e=0000 i=1 cpl=0 IP=0008:00000000c01078ec pc=00000000c01078ec SP=0010:00000000c0114f8c env->regs[R_EAX]=0000000000000058
EAX=00000058 EBX=00000000 ECX=00000001 EDX=000003f6
ESI=00000001 EDI=c0106760 EBP=00000000 ESP=c0114f8c
EIP=c01078ec EFL=00000202 [-------] CPL=0 II=0 A20=1 SMM=0 HLT=0
ES =0010 00000000 ffffffff 00cf9300 DPL=0 DS   [-WA]
CS =0008 00000000 ffffffff 00cf9a00 DPL=0 CS32 [-R-]
SS =0010 00000000 ffffffff 00cf9300 DPL=0 DS   [-WA]
DS =0010 00000000 ffffffff 00cf9300 DPL=0 DS   [-WA]
FS =0010 00000000 ffffffff 00cf9300 DPL=0 DS   [-WA]
GS =0010 00000000 ffffffff 00cf9300 DPL=0 DS   [-WA]
LDT=0000 00000000 0000ffff 00008200 DPL=0 LDT
TR =0000 00000000 0000ffff 00008b00 DPL=0 TSS32-busy
GDT=     c0107004 0000002f
IDT=     c0103bb0 000007f7
CR0=80000011 CR2=00000000 CR3=0010d000 CR4=00000010
DR0=0000000000000000 DR1=0000000000000000 DR2=0000000000000000 DR3=0000000000000000 
DR6=00000000ffff0ff0 DR7=0000000000000400
CCS=00000044 CCD=00000008 CCO=LOGICB  
EFER=0000000000000000
     1: v=2e e=0000 i=1 cpl=0 IP=0008:00000000c01078ec pc=00000000c01078ec SP=0010:00000000c0114f8c env->regs[R_EAX]=0000000000000058
EAX=00000058 EBX=00000000 ECX=00000001 EDX=000003f6
ESI=00000002 EDI=c0106960 EBP=00000000 ESP=c0114f8c
EIP=c01078ec EFL=00000202 [-------] CPL=0 II=0 A20=1 SMM=0 HLT=0
ES =0010 00000000 ffffffff 00cf9300 DPL=0 DS   [-WA]
CS =0008 00000000 ffffffff 00cf9a00 DPL=0 CS32 [-R-]
SS =0010 00000000 ffffffff 00cf9300 DPL=0 DS   [-WA]
DS =0010 00000000 ffffffff 00cf9300 DPL=0 DS   [-WA]
FS =0010 00000000 ffffffff 00cf9300 DPL=0 DS   [-WA]
GS =0010 00000000 ffffffff 00cf9300 DPL=0 DS   [-WA]
LDT=0000 00000000 0000ffff 00008200 DPL=0 LDT
TR =0000 00000000 0000ffff 00008b00 DPL=0 TSS32-busy
GDT=     c0107004 0000002f
IDT=     c0103bb0 000007f7
CR0=80000011 CR2=00000000 CR3=0010d000 CR4=00000010
DR0=0000000000000000 DR1=0000000000000000 DR2=0000000000000000 DR3=0000000000000000 
DR6=00000000ffff0ff0 DR7=0000000000000400
CCS=00000044 CCD=00000008 CCO=LOGICB  
EFER=0000000000000000
     2: v=2e e=0000 i=1 cpl=0 IP=0008:00000000c01078ec pc=00000000c01078ec SP=0010:00000000c0114f8c env->regs[R_EAX]=0000000000000058
EAX=00000058 EBX=00000000 ECX=00000001 EDX=000003f6
ESI=00000002 EDI=c0106760 EBP=00000000 ESP=c0114f8c
EIP=c01078ec EFL=00000202 [-------] CPL=0 II=0 A20=1 SMM=0 HLT=0
ES =0010 00000000 ffffffff 00cf9300 DPL=0 DS   [-WA]
CS =0008 00000000 ffffffff 00cf9a00 DPL=0 CS32 [-R-]
SS =0010 00000000 ffffffff 00cf9300 DPL=0 DS   [-WA]
DS =0010 00000000 ffffffff 00cf9300 DPL=0 DS   [-WA]
FS =0010 00000000 ffffffff 00cf9300 DPL=0 DS   [-WA]
GS =0010 00000000 ffffffff 00cf9300 DPL=0 DS   [-WA]
LDT=0000 00000000 0000ffff 00008200 DPL=0 LDT
TR =0000 00000000 0000ffff 00008b00 DPL=0 TSS32-busy
GDT=     c0107004 0000002f
IDT=     c0103bb0 000007f7
CR0=80000011 CR2=00000000 CR3=0010d000 CR4=00000010
DR0=0000000000000000 DR1=0000000000000000 DR2=0000000000000000 DR3=0000000000000000 
DR6=00000000ffff0ff0 DR7=0000000000000400
CCS=00000044 CCD=00000008 CCO=LOGICB  
EFER=0000000000000000
     3: v=2e e=0000 i=1 cpl=0 IP=0008:00000000c01078ec pc=00000000c01078ec SP=0010:00000000c0114f8c env->regs[R_EAX]=0000000000000058
EAX=00000058 EBX=00000000 ECX=00000001 EDX=000003f6
ESI=00000003 EDI=c0106960 EBP=00000000 ESP=c0114f8c
EIP=c01078ec EFL=00000202 [-------] CPL=0 II=0 A20=1 SMM=0 HLT=0
ES =0010 00000000 ffffffff 00cf9300 DPL=0 DS   [-WA]
CS =0008 00000000 ffffffff 00cf9a00 DPL=0 CS32 [-R-]
SS =0010 00000000 ffffffff 00cf9300 DPL=0 DS   [-WA]
DS =0010 00000000 ffffffff 00cf9300 DPL=0 DS   [-WA]
FS =0010 00000000 ffffffff 00cf9300 DPL=0 DS   [-WA]
GS =0010 00000000 ffffffff 00cf9300 DPL=0 DS   [-WA]
LDT=0000 00000000 0000ffff 00008200 DPL=0 LDT
TR =0000 00000000 0000ffff 00008b00 DPL=0 TSS32-busy
GDT=     c0107004 0000002f
IDT=     c0103bb0 000007f7
CR0=80000011 CR2=00000000 CR3=0010d000 CR4=00000010
DR0=0000000000000000 DR1=0000000000000000 DR2=0000000000000000 DR3=0000000000000000 
DR6=00000000ffff0ff0 DR7=0000000000000400
CCS=00000044 CCD=00000008 CCO=LOGICB  
EFER=0000000000000000
     4: v=2e e=0000 i=1 cpl=0 IP=0008:00000000c01078ec pc=00000000c01078ec SP=0010:00000000c0114f58 env->regs[R_EAX]=0000000000000058
EAX=00000058 EBX=00000000 ECX=00000001 EDX=000003f6
ESI=00000004 EDI=c0108010 EBP=00000000 ESP=c0114f58
EIP=c01078ec EFL=00000202 [-------] CPL=0 II=0 A20=1 SMM=0 HLT=0
ES =0010 00000000 ffffffff 00cf9300 DPL=0 DS   [-WA]
CS =0008 00000000 ffffffff 00cf9a00 DPL=0 CS32 [-R-]
SS =0010 00000000 ffffffff 00cf9300 DPL=0 DS   [-WA]
DS =0010 00000000 ffffffff 00cf9300 DPL=0 DS   [-WA]
FS =0010 00000000 ffffffff 00cf9300 DPL=0 DS   [-WA]
GS =0010 00000000 ffffffff 00cf9300 DPL=0 DS   [-WA]
LDT=0000 00000000 0000ffff 00008200 DPL=0 LDT
TR =002b c0107c2a 00000068 0000e900 DPL=3 TSS32-avl
GDT=     c0107004 0000002f
IDT=     c0103bb0 000007f7
CR0=80000011 CR2=00000000 CR3=0010d000 CR4=00000010
DR0=0000000000000000 DR1=0000000000000000 DR2=0000000000000000 DR3=0000000000000000 
DR6=00000000ffff0ff0 DR7=0000000000000400
CCS=00000044 CCD=00000008 CCO=LOGICB  
EFER=0000000000000000
     5: v=2e e=0000 i=1 cpl=0 IP=0008:00000000c01078ec pc=00000000c01078ec SP=0010:00000000c0114f50 env->regs[R_EAX]=0000000000000058
EAX=00000058 EBX=00000000 ECX=00000001 EDX=000003f6
ESI=0000000c EDI=c0108010 EBP=00000000 ESP=c0114f50
EIP=c01078ec EFL=00000202 [-------] CPL=0 II=0 A20=1 SMM=0 HLT=0
ES =0010 00000000 ffffffff 00cf9300 DPL=0 DS   [-WA]
CS =0008 00000000 ffffffff 00cf9a00 DPL=0 CS32 [-R-]
SS =0010 00000000 ffffffff 00cf9300 DPL=0 DS   [-WA]
DS =0010 00000000 ffffffff 00cf9300 DPL=0 DS   [-WA]
FS =0010 00000000 ffffffff 00cf9300 DPL=0 DS   [-WA]
GS =0010 00000000 ffffffff 00cf9300 DPL=0 DS   [-WA]
LDT=0000 00000000 0000ffff 00008200 DPL=0 LDT
TR =002b c0107c2a 00000068 0000e900 DPL=3 TSS32-avl
GDT=     c0107004 0000002f
IDT=     c0103bb0 000007f7
CR0=80000011 CR2=00000000 CR3=0010d000 CR4=00000010
DR0=0000000000000000 DR1=0000000000000000 DR2=0000000000000000 DR3=0000000000000000 
DR6=00000000ffff0ff0 DR7=0000000000000400
CCS=00000044 CCD=00000008 CCO=LOGICB  
EFER=0000000000000000
     6: v=2e e=0000 i=1 cpl=0 IP=0008:00000000c01078ec pc=00000000c01078ec SP=0010:00000000c0114f50 env->regs[R_EAX]=0000000000000058
EAX=00000058 EBX=00000000 ECX=00000001 EDX=000003f6
ESI=0000000d EDI=c0108210 EBP=00000000 ESP=c0114f50
EIP=c01078ec EFL=00000202 [-------] CPL=0 II=0 A20=1 SMM=0 HLT=0
ES =0010 00000000 ffffffff 00cf9300 DPL=0 DS   [-WA]
CS =0008 00000000 ffffffff 00cf9a00 DPL=0 CS32 [-R-]
SS =0010 00000000 ffffffff 00cf9300 DPL=0 DS   [-WA]
DS =0010 00000000 ffffffff 00cf9300 DPL=0 DS   [-WA]
FS =0010 00000000 ffffffff 00cf9300 DPL=0 DS   [-WA]
GS =0010 00000000 ffffffff 00cf9300 DPL=0 DS   [-WA]
LDT=0000 00000000 0000ffff 00008200 DPL=0 LDT
TR =002b c0107c2a 00000068 0000e900 DPL=3 TSS32-avl
GDT=     c0107004 0000002f
IDT=     c0103bb0 000007f7
CR0=80000011 CR2=00000000 CR3=0010d000 CR4=00000010
DR0=0000000000000000 DR1=0000000000000000 DR2=0000000000000000 DR3=0000000000000000 
DR6=00000000ffff0ff0 DR7=0000000000000400
CCS=00000044 CCD=00000008 CCO=LOGICB  
EFER=0000000000000000
     7: v=2e e=0000 i=1 cpl=0 IP=0008:00000000c01078ec pc=00000000c01078ec SP=0010:00000000c0114f68 env->regs[R_EAX]=0000000000000058
EAX=00000058 EBX=00000000 ECX=00000001 EDX=697403f6
ESI=0000001c EDI=c0108010 EBP=00000000 ESP=c0114f68
EIP=c01078ec EFL=00000202 [-------] CPL=0 II=0 A20=1 SMM=0 HLT=0
ES =0010 00000000 ffffffff 00cf9300 DPL=0 DS   [-WA]
CS =0008 00000000 ffffffff 00cf9a00 DPL=0 CS32 [-R-]
SS =0010 00000000 ffffffff 00cf9300 DPL=0 DS   [-WA]
DS =0010 00000000 ffffffff 00cf9300 DPL=0 DS   [-WA]
FS =0010 00000000 ffffffff 00cf9300 DPL=0 DS   [-WA]
GS =0010 00000000 ffffffff 00cf9300 DPL=0 DS   [-WA]
LDT=0000 00000000 0000ffff 00008200 DPL=0 LDT
TR =002b c0107c2a 00000068 0000e900 DPL=3 TSS32-avl
GDT=     c0107004 0000002f
IDT=     c0103bb0 000007f7
CR0=80000011 CR2=00000000 CR3=0010d000 CR4=00000010
DR0=0000000000000000 DR1=0000000000000000 DR2=0000000000000000 DR3=0000000000000000 
DR6=00000000ffff0ff0 DR7=0000000000000400
CCS=00000044 CCD=00000008 CCO=LOGICB  
EFER=0000000000000000
     8: v=2e e=0000 i=1 cpl=0 IP=0008:00000000c01078ec pc=00000000c01078ec SP=0010:00000000c0114f68 env->regs[R_EAX]=0000000000000058
EAX=00000058 EBX=00000000 ECX=00000001 EDX=697403f6
ESI=0000001d EDI=c0108210 EBP=00000000 ESP=c0114f68
EIP=c01078ec EFL=00000202 [-------] CPL=0 II=0 A20=1 SMM=0 HLT=0
ES =0010 00000000 ffffffff 00cf9300 DPL=0 DS   [-WA]
CS =0008 00000000 ffffffff 00cf9a00 DPL=0 CS32 [-R-]
SS =0010 00000000 ffffffff 00cf9300 DPL=0 DS   [-WA]
DS =0010 00000000 ffffffff 00cf9300 DPL=0 DS   [-WA]
FS =0010 00000000 ffffffff 00cf9300 DPL=0 DS   [-WA]
GS =0010 00000000 ffffffff 00cf9300 DPL=0 DS   [-WA]
LDT=0000 00000000 0000ffff 00008200 DPL=0 LDT
TR =002b c0107c2a 00000068 0000e900 DPL=3 TSS32-avl
GDT=     c0107004 0000002f
IDT=     c0103bb0 000007f7
CR0=80000011 CR2=00000000 CR3=0010d000 CR4=00000010
DR0=0000000000000000 DR1=0000000000000000 DR2=0000000000000000 DR3=0000000000000000 
DR6=00000000ffff0ff0 DR7=0000000000000400
CCS=00000044 CCD=00000008 CCO=LOGICB  
EFER=0000000000000000
     9: v=2e e=0000 i=1 cpl=0 IP=0008:00000000c01078ec pc=00000000c01078ec SP=0010:00000000c0114f58 env->regs[R_EAX]=0000000000000058
EAX=00000058 EBX=00000000 ECX=00000001 EDX=000003f6
ESI=00000004 EDI=c0108010 EBP=00000000 ESP=c0114f58
EIP=c01078ec EFL=00000202 [-------] CPL=0 II=0 A20=1 SMM=0 HLT=0
ES =0010 00000000 ffffffff 00cf9300 DPL=0 DS   [-WA]
CS =0008 00000000 ffffffff 00cf9a00 DPL=0 CS32 [-R-]
SS =0010 00000000 ffffffff 00cf9300 DPL=0 DS   [-WA]
DS =0010 00000000 ffffffff 00cf9300 DPL=0 DS   [-WA]
FS =0010 00000000 ffffffff 00cf9300 DPL=0 DS   [-WA]
GS =0010 00000000 ffffffff 00cf9300 DPL=0 DS   [-WA]
LDT=0000 00000000 0000ffff 00008200 DPL=0 LDT
TR =002b c0107c2a 00000068 0000e900 DPL=3 TSS32-avl
GDT=     c0107004 0000002f
IDT=     c0103bb0 000007f7
CR0=80000011 CR2=00000000 CR3=0010d000 CR4=00000010
DR0=0000000000000000 DR1=0000000000000000 DR2=0000000000000000 DR3=0000000000000000 
DR6=00000000ffff0ff0 DR7=0000000000000400
CCS=00000044 CCD=00000008 CCO=LOGICB  
EFER=0000000000000000
    10: v=2e e=0000 i=1 cpl=0 IP=0008:00000000c01078ec pc=00000000c01078ec SP=0010:00000000c0114f50 env->regs[R_EAX]=0000000000000058
EAX=00000058 EBX=00000000 ECX=00000001 EDX=000003f6
ESI=00000010 EDI=c0108010 EBP=00000000 ESP=c0114f50
EIP=c01078ec EFL=00000202 [-------] CPL=0 II=0 A20=1 SMM=0 HLT=0
ES =0010 00000000 ffffffff 00cf9300 DPL=0 DS   [-WA]
CS =0008 00000000 ffffffff 00cf9a00 DPL=0 CS32 [-R-]
SS =0010 00000000 ffffffff 00cf9300 DPL=0 DS   [-WA]
DS =0010 00000000 ffffffff 00cf9300 DPL=0 DS   [-WA]
FS =0010 00000000 ffffffff 00cf9300 DPL=0 DS   [-WA]
GS =0010 00000000 ffffffff 00cf9300 DPL=0 DS   [-WA]
LDT=0000 00000000 0000ffff 00008200 DPL=0 LDT
TR =002b c0107c2a 00000068 0000e900 DPL=3 TSS32-avl
GDT=     c0107004 0000002f
IDT=     c0103bb0 000007f7
CR0=80000011 CR2=00000000 CR3=0010d000 CR4=00000010
DR0=0000000000000000 DR1=0000000000000000 DR2=0000000000000000 DR3=0000000000000000 
DR6=00000000ffff0ff0 DR7=0000000000000400
CCS=00000044 CCD=00000008 CCO=LOGICB  
EFER=0000000000000000
    11: v=2e e=0000 i=1 cpl=0 IP=0008:00000000c01078ec pc=00000000c01078ec SP=0010:00000000c0114f50 env->regs[R_EAX]=0000000000000058
EAX=00000058 EBX=00000000 ECX=00000001 EDX=000003f6
ESI=00000011 EDI=c0108210 EBP=00000000 ESP=c0114f50
EIP=c01078ec EFL=00000202 [-------] CPL=0 II=0 A20=1 SMM=0 HLT=0
ES =0010 00000000 ffffffff 00cf9300 DPL=0 DS   [-WA]
CS =0008 00000000 ffffffff 00cf9a00 DPL=0 CS32 [-R-]
SS =0010 00000000 ffffffff 00cf9300 DPL=0 DS   [-WA]
DS =0010 00000000 ffffffff 00cf9300 DPL=0 DS   [-WA]
FS =0010 00000000 ffffffff 00cf9300 DPL=0 DS   [-WA]
GS =0010 00000000 ffffffff 00cf9300 DPL=0 DS   [-WA]
LDT=0000 00000000 0000ffff 00008200 DPL=0 LDT
TR =002b c0107c2a 00000068 0000e900 DPL=3 TSS32-avl
GDT=     c0107004 0000002f
IDT=     c0103bb0 000007f7
CR0=80000011 CR2=00000000 CR3=0010d000 CR4=00000010
DR0=0000000000000000 DR1=0000000000000000 DR2=0000000000000000 DR3=0000000000000000 
DR6=00000000ffff0ff0 DR7=0000000000000400
CCS=00000044 CCD=00000008 CCO=LOGICB  
EFER=0000000000000000
    12: v=2e e=0000 i=1 cpl=0 IP=0008:00000000c01078ec pc=00000000c01078ec SP=0010:00000000c0114f68 env->regs[R_EAX]=0000000000000058
EAX=00000058 EBX=00000000 ECX=00000001 EDX=697403f6
ESI=00000048 EDI=c0108010 EBP=00000000 ESP=c0114f68
EIP=c01078ec EFL=00000202 [-------] CPL=0 II=0 A20=1 SMM=0 HLT=0
ES =0010 00000000 ffffffff 00cf9300 DPL=0 DS   [-WA]
CS =0008 00000000 ffffffff 00cf9a00 DPL=0 CS32 [-R-]
SS =0010 00000000 ffffffff 00cf9300 DPL=0 DS   [-WA]
DS =0010 00000000 ffffffff 00cf9300 DPL=0 DS   [-WA]
FS =0010 00000000 ffffffff 00cf9300 DPL=0 DS   [-WA]
GS =0010 00000000 ffffffff 00cf9300 DPL=0 DS   [-WA]
LDT=0000 00000000 0000ffff 00008200 DPL=0 LDT
TR =002b c0107c2a 00000068 0000e900 DPL=3 TSS32-avl
GDT=     c0107004 0000002f
IDT=     c0103bb0 000007f7
CR0=80000011 CR2=00000000 CR3=0010d000 CR4=00000010
DR0=0000000000000000 DR1=0000000000000000 DR2=0000000000000000 DR3=0000000000000000 
DR6=00000000ffff0ff0 DR7=0000000000000400
CCS=00000044 CCD=00000008 CCO=LOGICB  
EFER=0000000000000000
    13: v=2e e=0000 i=1 cpl=0 IP=0008:00000000c01078ec pc=00000000c01078ec SP=0010:00000000c0114f68 env->regs[R_EAX]=0000000000000058
EAX=00000058 EBX=00000000 ECX=00000001 EDX=697403f6
ESI=00000049 EDI=c0108210 EBP=00000000 ESP=c0114f68
EIP=c01078ec EFL=00000202 [-------] CPL=0 II=0 A20=1 SMM=0 HLT=0
ES =0010 00000000 ffffffff 00cf9300 DPL=0 DS   [-WA]
CS =0008 00000000 ffffffff 00cf9a00 DPL=0 CS32 [-R-]
SS =0010 00000000 ffffffff 00cf9300 DPL=0 DS   [-WA]
DS =0010 00000000 ffffffff 00cf9300 DPL=0 DS   [-WA]
FS =0010 00000000 ffffffff 00cf9300 DPL=0 DS   [-WA]
GS =0010 00000000 ffffffff 00cf9300 DPL=0 DS   [-WA]
LDT=0000 00000000 0000ffff 00008200 DPL=0 LDT
TR =002b c0107c2a 00000068 0000e900 DPL=3 TSS32-avl
GDT=     c0107004 0000002f
IDT=     c0103bb0 000007f7
CR0=80000011 CR2=00000000 CR3=0010d000 CR4=00000010
DR0=0000000000000000 DR1=0000000000000000 DR2=0000000000000000 DR3=0000000000000000 
DR6=00000000ffff0ff0 DR7=0000000000000400
CCS=00000044 CCD=00000008 CCO=LOGICB  
EFER=0000000000000000
    14: v=2e e=0000 i=1 cpl=0 IP=0008:00000000c01078ec pc=00000000c01078ec SP=0010:00000000c0114f7c env->regs[R_EAX]=0000000000000058
EAX=00000058 EBX=00000000 ECX=00000001 EDX=000003f6
ESI=00000004 EDI=c0108010 EBP=00000000 ESP=c0114f7c
EIP=c01078ec EFL=00000202 [-------] CPL=0 II=0 A20=1 SMM=0 HLT=0
ES =0010 00000000 ffffffff 00cf9300 DPL=0 DS   [-WA]
CS =0008 00000000 ffffffff 00cf9a00 DPL=0 CS32 [-R-]
SS =0010 00000000 ffffffff 00cf9300 DPL=0 DS   [-WA]
DS =0010 00000000 ffffffff 00cf9300 DPL=0 DS   [-WA]
FS =0010 00000000 ffffffff 00cf9300 DPL=0 DS   [-WA]
GS =0010 00000000 ffffffff 00cf9300 DPL=0 DS   [-WA]
LDT=0000 00000000 0000ffff 00008200 DPL=0 LDT
TR =002b c0107c2a 00000068 0000e900 DPL=3 TSS32-avl
GDT=     c0107004 0000002f
IDT=     c0103bb0 000007f7
CR0=80000011 CR2=00000000 CR3=0010d000 CR4=00000010
DR0=0000000000000000 DR1=0000000000000000 DR2=0000000000000000 DR3=0000000000000000 
DR6=00000000ffff0ff0 DR7=0000000000000400
CCS=00000044 CCD=00000008 CCO=LOGICB  
EFER=0000000000000000
    15: v=2e e=0000 i=1 cpl=0 IP=0008:00000000c01078ec pc=00000000c01078ec SP=0010:00000000c0114f74 env->regs[R_EAX]=0000000000000058
EAX=00000058 EBX=00000000 ECX=00000001 EDX=000003f6
ESI=00000010 EDI=c0108010 EBP=00000000 ESP=c0114f74
EIP=c01078ec EFL=00000202 [-------] CPL=0 II=0 A20=1 SMM=0 HLT=0
ES =0010 00000000 ffffffff 00cf9300 DPL=0 DS   [-WA]
CS =0008 00000000 ffffffff 00cf9a00 DPL=0 CS32 [-R-]
SS =0010 00000000 ffffffff 00cf9300 DPL=0 DS   [-WA]
DS =0010 00000000 ffffffff 00cf9300 DPL=0 DS   [-WA]
FS =0010 00000000 ffffffff 00cf9300 DPL=0 DS   [-WA]
GS =0010 00000000 ffffffff 00cf9300 DPL=0 DS   [-WA]
LDT=0000 00000000 0000ffff 00008200 DPL=0 LDT
TR =002b c0107c2a 00000068 0000e900 DPL=3 TSS32-avl
GDT=     c0107004 0000002f
IDT=     c0103bb0 000007f7
CR0=80000011 CR2=00000000 CR3=0010d000 CR4=00000010
DR0=0000000000000000 DR1=0000000000000000 DR2=0000000000000000 DR3=0000000000000000 
DR6=00000000ffff0ff0 DR7=0000000000000400
CCS=00000044 CCD=00000008 CCO=LOGICB  
EFER=0000000000000000
    16: v=2e e=0000 i=1 cpl=0 IP=0008:00000000c01078ec pc=00000000c01078ec SP=0010:00000000c0114f74 env->regs[R_EAX]=0000000000000058
EAX=00000058 EBX=00000000 ECX=00000001 EDX=000003f6
ESI=00000011 EDI=c0108210 EBP=00000000 ESP=c0114f74
EIP=c01078ec EFL=00000202 [-------] CPL=0 II=0 A20=1 SMM=0 HLT=0
ES =0010 00000000 ffffffff 00cf9300 DPL=0 DS   [-WA]
CS =0008 00000000 ffffffff 00cf9a00 DPL=0 CS32 [-R-]
SS =0010 00000000 ffffffff 00cf9300 DPL=0 DS   [-WA]
DS =0010 00000000 ffffffff 00cf9300 DPL=0 DS   [-WA]
FS =0010 00000000 ffffffff 00cf9300 DPL=0 DS   [-WA]
GS =0010 00000000 ffffffff 00cf9300 DPL=0 DS   [-WA]
LDT=0000 00000000 0000ffff 00008200 DPL=0 LDT
TR =002b c0107c2a 00000068 0000e900 DPL=3 TSS32-avl
GDT=     c0107004 0000002f
IDT=     c0103bb0 000007f7
CR0=80000011 CR2=00000000 CR3=0010d000 CR4=00000010
DR0=0000000000000000 DR1=0000000000000000 DR2=0000000000000000 DR3=0000000000000000 
DR6=00000000ffff0ff0 DR7=0000000000000400
CCS=00000044 CCD=00000008 CCO=LOGICB  
EFER=0000000000000000
    17: v=2e e=0000 i=1 cpl=0 IP=0008:00000000c010795a pc=00000000c010795a SP=0010:00000000c0114f88 env->regs[R_EAX]=0000000000000058
EAX=00000058 EBX=00000000 ECX=00000001 EDX=697403f6
ESI=0000004a EDI=c0108810 EBP=00000000 ESP=c0114f88
EIP=c010795a EFL=00000202 [-------] CPL=0 II=0 A20=1 SMM=0 HLT=0
ES =0010 00000000 ffffffff 00cf9300 DPL=0 DS   [-WA]
CS =0008 00000000 ffffffff 00cf9a00 DPL=0 CS32 [-R-]
SS =0010 00000000 ffffffff 00cf9300 DPL=0 DS   [-WA]
DS =0010 00000000 ffffffff 00cf9300 DPL=0 DS   [-WA]
FS =0010 00000000 ffffffff 00cf9300 DPL=0 DS   [-WA]
GS =0010 00000000 ffffffff 00cf9300 DPL=0 DS   [-WA]
LDT=0000 00000000 0000ffff 00008200 DPL=0 LDT
TR =002b c0107c2a 00000068 0000e900 DPL=3 TSS32-avl
GDT=     c0107004 0000002f
IDT=     c0103bb0 000007f7
CR0=80000011 CR2=00000000 CR3=0010d000 CR4=00000010
DR0=0000000000000000 DR1=0000000000000000 DR2=0000000000000000 DR3=0000000000000000 
DR6=00000000ffff0ff0 DR7=0000000000000400
CCS=00000000 CCD=00000008 CCO=LOGICB  
EFER=0000000000000000
    18: v=2e e=0000 i=1 cpl=0 IP=0008:00000000c010795a pc=00000000c010795a SP=0010:00000000c0114f88 env->regs[R_EAX]=0000000000000058
EAX=00000058 EBX=00000000 ECX=00000001 EDX=697403f6
ESI=0000004b EDI=c0108a10 EBP=00000000 ESP=c0114f88
EIP=c010795a EFL=00000202 [-------] CPL=0 II=0 A20=1 SMM=0 HLT=0
ES =0010 00000000 ffffffff 00cf9300 DPL=0 DS   [-WA]
CS =0008 00000000 ffffffff 00cf9a00 DPL=0 CS32 [-R-]
SS =0010 00000000 ffffffff 00cf9300 DPL=0 DS   [-WA]
DS =0010 00000000 ffffffff 00cf9300 DPL=0 DS   [-WA]
FS =0010 00000000 ffffffff 00cf9300 DPL=0 DS   [-WA]
GS =0010 00000000 ffffffff 00cf9300 DPL=0 DS   [-WA]
LDT=0000 00000000 0000ffff 00008200 DPL=0 LDT
TR =002b c0107c2a 00000068 0000e900 DPL=3 TSS32-avl
GDT=     c0107004 0000002f
IDT=     c0103bb0 000007f7
CR0=80000011 CR2=00000000 CR3=0010d000 CR4=00000010
DR0=0000000000000000 DR1=0000000000000000 DR2=0000000000000000 DR3=0000000000000000 
DR6=00000000ffff0ff0 DR7=0000000000000400
CCS=00000000 CCD=00000008 CCO=LOGICB  
EFER=0000000000000000
    19: v=2e e=0000 i=1 cpl=0 IP=0008:00000000c01078ec pc=00000000c01078ec SP=0010:00000000c0114f58 env->regs[R_EAX]=0000000000000058
EAX=00000058 EBX=00000000 ECX=00000001 EDX=000003f6
ESI=00000004 EDI=c0108010 EBP=00000000 ESP=c0114f58
EIP=c01078ec EFL=00000202 [-------] CPL=0 II=0 A20=1 SMM=0 HLT=0
ES =0010 00000000 ffffffff 00cf9300 DPL=0 DS   [-WA]
CS =0008 00000000 ffffffff 00cf9a00 DPL=0 CS32 [-R-]
SS =0010 00000000 ffffffff 00cf9300 DPL=0 DS   [-WA]
DS =0010 00000000 ffffffff 00cf9300 DPL=0 DS   [-WA]
FS =0010 00000000 ffffffff 00cf9300 DPL=0 DS   [-WA]
GS =0010 00000000 ffffffff 00cf9300 DPL=0 DS   [-WA]
LDT=0000 00000000 0000ffff 00008200 DPL=0 LDT
TR =002b c0107c2a 00000068 0000e900 DPL=3 TSS32-avl
GDT=     c0107004 0000002f
IDT=     c0103bb0 000007f7
CR0=80000011 CR2=00000000 CR3=0010d000 CR4=00000010
DR0=0000000000000000 DR1=0000000000000000 DR2=0000000000000000 DR3=0000000000000000 
DR6=00000000ffff0ff0 DR7=0000000000000400
CCS=00000044 CCD=00000008 CCO=LOGICB  
EFER=0000000000000000
    20: v=2e e=0000 i=1 cpl=0 IP=0008:00000000c01078ec pc=00000000c01078ec SP=0010:00000000c0114f50 env->regs[R_EAX]=0000000000000058
EAX=00000058 EBX=00000000 ECX=00000001 EDX=000003f6
ESI=0000000c EDI=c0108010 EBP=00000000 ESP=c0114f50
EIP=c01078ec EFL=00000202 [-------] CPL=0 II=0 A20=1 SMM=0 HLT=0
ES =0010 00000000 ffffffff 00cf9300 DPL=0 DS   [-WA]
CS =0008 00000000 ffffffff 00cf9a00 DPL=0 CS32 [-R-]
SS =0010 00000000 ffffffff 00cf9300 DPL=0 DS   [-WA]
DS =0010 00000000 ffffffff 00cf9300 DPL=0 DS   [-WA]
FS =0010 00000000 ffffffff 00cf9300 DPL=0 DS   [-WA]
GS =0010 00000000 ffffffff 00cf9300 DPL=0 DS   [-WA]
LDT=0000 00000000 0000ffff 00008200 DPL=0 LDT
TR =002b c0107c2a 00000068 0000e900 DPL=3 TSS32-avl
GDT=     c0107004 0000002f
IDT=     c0103bb0 000007f7
CR0=80000011 CR2=00000000 CR3=0010d000 CR4=00000010
DR0=0000000000000000 DR1=0000000000000000 DR2=0000000000000000 DR3=0000000000000000 
DR6=00000000ffff0ff0 DR7=0000000000000400
CCS=00000044 CCD=00000008 CCO=LOGICB  
EFER=0000000000000000
    21: v=2e e=0000 i=1 cpl=0 IP=0008:00000000c01078ec pc=00000000c01078ec SP=0010:00000000c0114f50 env->regs[R_EAX]=0000000000000058
EAX=00000058 EBX=00000000 ECX=00000001 EDX=000003f6
ESI=0000000d EDI=c0108210 EBP=00000000 ESP=c0114f50
EIP=c01078ec EFL=00000202 [-------] CPL=0 II=0 A20=1 SMM=0 HLT=0
ES =0010 00000000 ffffffff 00cf9300 DPL=0 DS   [-WA]
CS =0008 00000000 ffffffff 00cf9a00 DPL=0 CS32 [-R-]
SS =0010 00000000 ffffffff 00cf9300 DPL=0 DS   [-WA]
DS =0010 00000000 ffffffff 00cf9300 DPL=0 DS   [-WA]
FS =0010 00000000 ffffffff 00cf9300 DPL=0 DS   [-WA]
GS =0010 00000000 ffffffff 00cf9300 DPL=0 DS   [-WA]
LDT=0000 00000000 0000ffff 00008200 DPL=0 LDT
TR =002b c0107c2a 00000068 0000e900 DPL=3 TSS32-avl
GDT=     c0107004 0000002f
IDT=     c0103bb0 000007f7
CR0=80000011 CR2=00000000 CR3=0010d000 CR4=00000010
DR0=0000000000000000 DR1=0000000000000000 DR2=0000000000000000 DR3=0000000000000000 
DR6=00000000ffff0ff0 DR7=0000000000000400
CCS=00000044 CCD=00000008 CCO=LOGICB  
EFER=0000000000000000
    22: v=2e e=0000 i=1 cpl=0 IP=0008:00000000c01078ec pc=00000000c01078ec SP=0010:00000000c0114f68 env->regs[R_EAX]=0000000000000058
EAX=00000058 EBX=00000000 ECX=00000001 EDX=697403f6
ESI=0000001c EDI=c0108010 EBP=00000000 ESP=c0114f68
EIP=c01078ec EFL=00000202 [-------] CPL=0 II=0 A20=1 SMM=0 HLT=0
ES =0010 00000000 ffffffff 00cf9300 DPL=0 DS   [-WA]
CS =0008 00000000 ffffffff 00cf9a00 DPL=0 CS32 [-R-]
SS =0010 00000000 ffffffff 00cf9300 DPL=0 DS   [-WA]
DS =0010 00000000 ffffffff 00cf9300 DPL=0 DS   [-WA]
FS =0010 00000000 ffffffff 00cf9300 DPL=0 DS   [-WA]
GS =0010 00000000 ffffffff 00cf9300 DPL=0 DS   [-WA]
LDT=0000 00000000 0000ffff 00008200 DPL=0 LDT
TR =002b c0107c2a 00000068 0000e900 DPL=3 TSS32-avl
GDT=     c0107004 0000002f
IDT=     c0103bb0 000007f7
CR0=80000011 CR2=00000000 CR3=0010d000 CR4=00000010
DR0=0000000000000000 DR1=0000000000000000 DR2=0000000000000000 DR3=0000000000000000 
DR6=00000000ffff0ff0 DR7=0000000000000400
CCS=00000044 CCD=00000008 CCO=LOGICB  
EFER=0000000000000000
    23: v=2e e=0000 i=1 cpl=0 IP=0008:00000000c01078ec pc=00000000c01078ec SP=0010:00000000c0114f68 env->regs[R_EAX]=0000000000000058
EAX=00000058 EBX=00000000 ECX=00000001 EDX=697403f6
ESI=0000001d EDI=c0108210 EBP=00000000 ESP=c0114f68
EIP=c01078ec EFL=00000202 [-------] CPL=0 II=0 A20=1 SMM=0 HLT=0
ES =0010 00000000 ffffffff 00cf9300 DPL=0 DS   [-WA]
CS =0008 00000000 ffffffff 00cf9a00 DPL=0 CS32 [-R-]
SS =0010 00000000 ffffffff 00cf9300 DPL=0 DS   [-WA]
DS =0010 00000000 ffffffff 00cf9300 DPL=0 DS   [-WA]
FS =0010 00000000 ffffffff 00cf9300 DPL=0 DS   [-WA]
GS =0010 00000000 ffffffff 00cf9300 DPL=0 DS   [-WA]
LDT=0000 00000000 0000ffff 00008200 DPL=0 LDT
TR =002b c0107c2a 00000068 0000e900 DPL=3 TSS32-avl
GDT=     c0107004 0000002f
IDT=     c0103bb0 000007f7
CR0=80000011 CR2=00000000 CR3=0010d000 CR4=00000010
DR0=0000000000000000 DR1=0000000000000000 DR2=0000000000000000 DR3=0000000000000000 
DR6=00000000ffff0ff0 DR7=0000000000000400
CCS=00000044 CCD=00000008 CCO=LOGICB  
EFER=0000000000000000
    24: v=2e e=0000 i=1 cpl=0 IP=0008:00000000c01078ec pc=00000000c01078ec SP=0010:00000000c0114f58 env->regs[R_EAX]=0000000000000058
EAX=00000058 EBX=00000000 ECX=00000001 EDX=000003f6
ESI=00000004 EDI=c0108010 EBP=00000000 ESP=c0114f58
EIP=c01078ec EFL=00000202 [-------] CPL=0 II=0 A20=1 SMM=0 HLT=0
ES =0010 00000000 ffffffff 00cf9300 DPL=0 DS   [-WA]
CS =0008 00000000 ffffffff 00cf9a00 DPL=0 CS32 [-R-]
SS =0010 00000000 ffffffff 00cf9300 DPL=0 DS   [-WA]
DS =0010 00000000 ffffffff 00cf9300 DPL=0 DS   [-WA]
FS =0010 00000000 ffffffff 00cf9300 DPL=0 DS   [-WA]
GS =0010 00000000 ffffffff 00cf9300 DPL=0 DS   [-WA]
LDT=0000 00000000 0000ffff 00008200 DPL=0 LDT
TR =002b c0107c2a 00000068 0000e900 DPL=3 TSS32-avl
GDT=     c0107004 0000002f
IDT=     c0103bb0 000007f7
CR0=80000011 CR2=00000000 CR3=0010d000 CR4=00000010
DR0=0000000000000000 DR1=0000000000000000 DR2=0000000000000000 DR3=0000000000000000 
DR6=00000000ffff0ff0 DR7=0000000000000400
CCS=00000044 CCD=00000008 CCO=LOGICB  
EFER=0000000000000000
    25: v=2e e=0000 i=1 cpl=0 IP=0008:00000000c01078ec pc=00000000c01078ec SP=0010:00000000c0114f50 env->regs[R_EAX]=0000000000000058
EAX=00000058 EBX=00000000 ECX=00000001 EDX=000003f6
ESI=0000000e EDI=c0108010 EBP=00000000 ESP=c0114f50
EIP=c01078ec EFL=00000202 [-------] CPL=0 II=0 A20=1 SMM=0 HLT=0
ES =0010 00000000 ffffffff 00cf9300 DPL=0 DS   [-WA]
CS =0008 00000000 ffffffff 00cf9a00 DPL=0 CS32 [-R-]
SS =0010 00000000 ffffffff 00cf9300 DPL=0 DS   [-WA]
DS =0010 00000000 ffffffff 00cf9300 DPL=0 DS   [-WA]
FS =0010 00000000 ffffffff 00cf9300 DPL=0 DS   [-WA]
GS =0010 00000000 ffffffff 00cf9300 DPL=0 DS   [-WA]
LDT=0000 00000000 0000ffff 00008200 DPL=0 LDT
TR =002b c0107c2a 00000068 0000e900 DPL=3 TSS32-avl
GDT=     c0107004 0000002f
IDT=     c0103bb0 000007f7
CR0=80000011 CR2=00000000 CR3=0010d000 CR4=00000010
DR0=0000000000000000 DR1=0000000000000000 DR2=0000000000000000 DR3=0000000000000000 
DR6=00000000ffff0ff0 DR7=0000000000000400
CCS=00000044 CCD=00000008 CCO=LOGICB  
EFER=0000000000000000
    26: v=2e e=0000 i=1 cpl=0 IP=0008:00000000c01078ec pc=00000000c01078ec SP=0010:00000000c0114f50 env->regs[R_EAX]=0000000000000058
EAX=00000058 EBX=00000000 ECX=00000001 EDX=000003f6
ESI=0000000f EDI=c0108210 EBP=00000000 ESP=c0114f50
EIP=c01078ec EFL=00000202 [-------] CPL=0 II=0 A20=1 SMM=0 HLT=0
ES =0010 00000000 ffffffff 00cf9300 DPL=0 DS   [-WA]
CS =0008 00000000 ffffffff 00cf9a00 DPL=0 CS32 [-R-]
SS =0010 00000000 ffffffff 00cf9300 DPL=0 DS   [-WA]
DS =0010 00000000 ffffffff 00cf9300 DPL=0 DS   [-WA]
FS =0010 00000000 ffffffff 00cf9300 DPL=0 DS   [-WA]
GS =0010 00000000 ffffffff 00cf9300 DPL=0 DS   [-WA]
LDT=0000 00000000 0000ffff 00008200 DPL=0 LDT
TR =002b c0107c2a 00000068 0000e900 DPL=3 TSS32-avl
GDT=     c0107004 0000002f
IDT=     c0103bb0 000007f7
CR0=80000011 CR2=00000000 CR3=0010d000 CR4=00000010
DR0=0000000000000000 DR1=0000000000000000 DR2=0000000000000000 DR3=0000000000000000 
DR6=00000000ffff0ff0 DR7=0000000000000400
CCS=00000044 CCD=00000008 CCO=LOGICB  
EFER=0000000000000000
    27: v=2e e=0000 i=1 cpl=0 IP=0008:00000000c01078ec pc=00000000c01078ec SP=0010:00000000c0114f68 env->regs[R_EAX]=0000000000000058
EAX=00000058 EBX=00000000 ECX=00000001 EDX=697403f6
ESI=0000003c EDI=c0108010 EBP=00000000 ESP=c0114f68
EIP=c01078ec EFL=00000202 [-------] CPL=0 II=0 A20=1 SMM=0 HLT=0
ES =0010 00000000 ffffffff 00cf9300 DPL=0 DS   [-WA]
CS =0008 00000000 ffffffff 00cf9a00 DPL=0 CS32 [-R-]
SS =0010 00000000 ffffffff 00cf9300 DPL=0 DS   [-WA]
DS =0010 00000000 ffffffff 00cf9300 DPL=0 DS   [-WA]
FS =0010 00000000 ffffffff 00cf9300 DPL=0 DS   [-WA]
GS =0010 00000000 ffffffff 00cf9300 DPL=0 DS   [-WA]
LDT=0000 00000000 0000ffff 00008200 DPL=0 LDT
TR =002b c0107c2a 00000068 0000e900 DPL=3 TSS32-avl
GDT=     c0107004 0000002f
IDT=     c0103bb0 000007f7
CR0=80000011 CR2=00000000 CR3=0010d000 CR4=00000010
DR0=0000000000000000 DR1=0000000000000000 DR2=0000000000000000 DR3=0000000000000000 
DR6=00000000ffff0ff0 DR7=0000000000000400
CCS=00000044 CCD=00000008 CCO=LOGICB  
EFER=0000000000000000
    28: v=2e e=0000 i=1 cpl=0 IP=0008:00000000c01078ec pc=00000000c01078ec SP=0010:00000000c0114f68 env->regs[R_EAX]=0000000000000058
EAX=00000058 EBX=00000000 ECX=00000001 EDX=697403f6
ESI=0000003d EDI=c0108210 EBP=00000000 ESP=c0114f68
EIP=c01078ec EFL=00000202 [-------] CPL=0 II=0 A20=1 SMM=0 HLT=0
ES =0010 00000000 ffffffff 00cf9300 DPL=0 DS   [-WA]
CS =0008 00000000 ffffffff 00cf9a00 DPL=0 CS32 [-R-]
SS =0010 00000000 ffffffff 00cf9300 DPL=0 DS   [-WA]
DS =0010 00000000 ffffffff 00cf9300 DPL=0 DS   [-WA]
FS =0010 00000000 ffffffff 00cf9300 DPL=0 DS   [-WA]
GS =0010 00000000 ffffffff 00cf9300 DPL=0 DS   [-WA]
LDT=0000 00000000 0000ffff 00008200 DPL=0 LDT
TR =002b c0107c2a 00000068 0000e900 DPL=3 TSS32-avl
GDT=     c0107004 0000002f
IDT=     c0103bb0 000007f7
CR0=80000011 CR2=00000000 CR3=0010d000 CR4=00000010
DR0=0000000000000000 DR1=0000000000000000 DR2=0000000000000000 DR3=0000000000000000 
DR6=00000000ffff0ff0 DR7=0000000000000400
CCS=00000044 CCD=00000008 CCO=LOGICB  
EFER=0000000000000000
    29: v=2e e=0000 i=1 cpl=0 IP=0008:00000000c01078ec pc=00000000c01078ec SP=0010:00000000c0114f58 env->regs[R_EAX]=0000000000000058
EAX=00000058 EBX=00000000 ECX=00000001 EDX=000003f6
ESI=00000004 EDI=c0108010 EBP=00000000 ESP=c0114f58
EIP=c01078ec EFL=00000202 [-------] CPL=0 II=0 A20=1 SMM=0 HLT=0
ES =0010 00000000 ffffffff 00cf9300 DPL=0 DS   [-WA]
CS =0008 00000000 ffffffff 00cf9a00 DPL=0 CS32 [-R-]
SS =0010 00000000 ffffffff 00cf9300 DPL=0 DS   [-WA]
DS =0010 00000000 ffffffff 00cf9300 DPL=0 DS   [-WA]
FS =0010 00000000 ffffffff 00cf9300 DPL=0 DS   [-WA]
GS =0010 00000000 ffffffff 00cf9300 DPL=0 DS   [-WA]
LDT=0000 00000000 0000ffff 00008200 DPL=0 LDT
TR =002b c0107c2a 00000068 0000e900 DPL=3 TSS32-avl
GDT=     c0107004 0000002f
IDT=     c0103bb0 000007f7
CR0=80000011 CR2=00000000 CR3=0010d000 CR4=00000010
DR0=0000000000000000 DR1=0000000000000000 DR2=0000000000000000 DR3=0000000000000000 
DR6=00000000ffff0ff0 DR7=0000000000000400
CCS=00000044 CCD=00000008 CCO=LOGICB  
EFER=0000000000000000
    30: v=2e e=0000 i=1 cpl=0 IP=0008:00000000c01078ec pc=00000000c01078ec SP=0010:00000000c0114f50 env->regs[R_EAX]=0000000000000058
EAX=00000058 EBX=00000000 ECX=00000001 EDX=000003f6
ESI=0000000e EDI=c0108010 EBP=00000000 ESP=c0114f50
EIP=c01078ec EFL=00000202 [-------] CPL=0 II=0 A20=1 SMM=0 HLT=0
ES =0010 00000000 ffffffff 00cf9300 DPL=0 DS   [-WA]
CS =0008 00000000 ffffffff 00cf9a00 DPL=0 CS32 [-R-]
SS =0010 00000000 ffffffff 00cf9300 DPL=0 DS   [-WA]
DS =0010 00000000 ffffffff 00cf9300 DPL=0 DS   [-WA]
FS =0010 00000000 ffffffff 00cf9300 DPL=0 DS   [-WA]
GS =0010 00000000 ffffffff 00cf9300 DPL=0 DS   [-WA]
LDT=0000 00000000 0000ffff 00008200 DPL=0 LDT
TR =002b c0107c2a 00000068 0000e900 DPL=3 TSS32-avl
GDT=     c0107004 0000002f
IDT=     c0103bb0 000007f7
CR0=80000011 CR2=00000000 CR3=0010d000 CR4=00000010
DR0=0000000000000000 DR1=0000000000000000 DR2=0000000000000000 DR3=0000000000000000 
DR6=00000000ffff0ff0 DR7=0000000000000400
CCS=00000044 CCD=00000008 CCO=LOGICB  
EFER=0000000000000000
    31: v=2e e=0000 i=1 cpl=0 IP=0008:00000000c01078ec pc=00000000c01078ec SP=0010:00000000c0114f50 env->regs[R_EAX]=0000000000000058
EAX=00000058 EBX=00000000 ECX=00000001 EDX=000003f6
ESI=0000000f EDI=c0108210 EBP=00000000 ESP=c0114f50
EIP=c01078ec EFL=00000202 [-------] CPL=0 II=0 A20=1 SMM=0 HLT=0
ES =0010 00000000 ffffffff 00cf9300 DPL=0 DS   [-WA]
CS =0008 00000000 ffffffff 00cf9a00 DPL=0 CS32 [-R-]
SS =0010 00000000 ffffffff 00cf9300 DPL=0 DS   [-WA]
DS =0010 00000000 ffffffff 00cf9300 DPL=0 DS   [-WA]
FS =0010 00000000 ffffffff 00cf9300 DPL=0 DS   [-WA]
GS =0010 00000000 ffffffff 00cf9300 DPL=0 DS   [-WA]
LDT=0000 00000000 0000ffff 00008200 DPL=0 LDT
TR =002b c0107c2a 00000068 0000e900 DPL=3 TSS32-avl
GDT=     c0107004 0000002f
IDT=     c0103bb0 000007f7
CR0=80000011 CR2=00000000 CR3=0010d000 CR4=00000010
DR0=0000000000000000 DR1=0000000000000000 DR2=0000000000000000 DR3=0000000000000000 
DR6=00000000ffff0ff0 DR7=0000000000000400
CCS=00000044 CCD=00000008 CCO=LOGICB  
EFER=0000000000000000
    32: v=2e e=0000 i=1 cpl=0 IP=0008:00000000c01078ec pc=00000000c01078ec SP=0010:00000000c0114f68 env->regs[R_EAX]=0000000000000058
EAX=00000058 EBX=00000000 ECX=00000001 EDX=697403f6
ESI=000003ee EDI=c0108010 EBP=00000000 ESP=c0114f68
EIP=c01078ec EFL=00000202 [-------] CPL=0 II=0 A20=1 SMM=0 HLT=0
ES =0010 00000000 ffffffff 00cf9300 DPL=0 DS   [-WA]
CS =0008 00000000 ffffffff 00cf9a00 DPL=0 CS32 [-R-]
SS =0010 00000000 ffffffff 00cf9300 DPL=0 DS   [-WA]
DS =0010 00000000 ffffffff 00cf9300 DPL=0 DS   [-WA]
FS =0010 00000000 ffffffff 00cf9300 DPL=0 DS   [-WA]
GS =0010 00000000 ffffffff 00cf9300 DPL=0 DS   [-WA]
LDT=0000 00000000 0000ffff 00008200 DPL=0 LDT
TR =002b c0107c2a 00000068 0000e900 DPL=3 TSS32-avl
GDT=     c0107004 0000002f
IDT=     c0103bb0 000007f7
CR0=80000011 CR2=00000000 CR3=0010d000 CR4=00000010
DR0=0000000000000000 DR1=0000000000000000 DR2=0000000000000000 DR3=0000000000000000 
DR6=00000000ffff0ff0 DR7=0000000000000400
CCS=00000044 CCD=00000008 CCO=LOGICB  
EFER=0000000000000000
    33: v=2e e=0000 i=1 cpl=0 IP=0008:00000000c01078ec pc=00000000c01078ec SP=0010:00000000c0114f68 env->regs[R_EAX]=0000000000000058
EAX=00000058 EBX=00000000 ECX=00000001 EDX=697403f6
ESI=000003ef EDI=c0108210 EBP=00000000 ESP=c0114f68
EIP=c01078ec EFL=00000202 [-------] CPL=0 II=0 A20=1 SMM=0 HLT=0
ES =0010 00000000 ffffffff 00cf9300 DPL=0 DS   [-WA]
CS =0008 00000000 ffffffff 00cf9a00 DPL=0 CS32 [-R-]
SS =0010 00000000 ffffffff 00cf9300 DPL=0 DS   [-WA]
DS =0010 00000000 ffffffff 00cf9300 DPL=0 DS   [-WA]
FS =0010 00000000 ffffffff 00cf9300 DPL=0 DS   [-WA]
GS =0010 00000000 ffffffff 00cf9300 DPL=0 DS   [-WA]
LDT=0000 00000000 0000ffff 00008200 DPL=0 LDT
TR =002b c0107c2a 00000068 0000e900 DPL=3 TSS32-avl
GDT=     c0107004 0000002f
IDT=     c0103bb0 000007f7
CR0=80000011 CR2=00000000 CR3=0010d000 CR4=00000010
DR0=0000000000000000 DR1=0000000000000000 DR2=0000000000000000 DR3=0000000000000000 
DR6=00000000ffff0ff0 DR7=0000000000000400
CCS=00000044 CCD=00000008 CCO=LOGICB  
EFER=0000000000000000
    34: v=2e e=0000 i=1 cpl=0 IP=0008:00000000c01078ec pc=00000000c01078ec SP=0010:00000000c0114f58 env->regs[R_EAX]=0000000000000058
EAX=00000058 EBX=00000000 ECX=00000001 EDX=000003f6
ESI=00000004 EDI=c0108010 EBP=00000000 ESP=c0114f58
EIP=c01078ec EFL=00000202 [-------] CPL=0 II=0 A20=1 SMM=0 HLT=0
ES =0010 00000000 ffffffff 00cf9300 DPL=0 DS   [-WA]
CS =0008 00000000 ffffffff 00cf9a00 DPL=0 CS32 [-R-]
SS =0010 00000000 ffffffff 00cf9300 DPL=0 DS   [-WA]
DS =0010 00000000 ffffffff 00cf9300 DPL=0 DS   [-WA]
FS =0010 00000000 ffffffff 00cf9300 DPL=0 DS   [-WA]
GS =0010 00000000 ffffffff 00cf9300 DPL=0 DS   [-WA]
LDT=0000 00000000 0000ffff 00008200 DPL=0 LDT
TR =002b c0107c2a 00000068 0000e900 DPL=3 TSS32-avl
GDT=     c0107004 0000002f
IDT=     c0103bb0 000007f7
CR0=80000011 CR2=00000000 CR3=0010d000 CR4=00000010
DR0=0000000000000000 DR1=0000000000000000 DR2=0000000000000000 DR3=0000000000000000 
DR6=00000000ffff0ff0 DR7=0000000000000400
CCS=00000044 CCD=00000008 CCO=LOGICB  
EFER=0000000000000000
    35: v=2e e=0000 i=1 cpl=0 IP=0008:00000000c01078ec pc=00000000c01078ec SP=0010:00000000c0114f50 env->regs[R_EAX]=0000000000000058
EAX=00000058 EBX=00000000 ECX=00000001 EDX=000003f6
ESI=00000010 EDI=c0108010 EBP=00000000 ESP=c0114f50
EIP=c01078ec EFL=00000202 [-------] CPL=0 II=0 A20=1 SMM=0 HLT=0
ES =0010 00000000 ffffffff 00cf9300 DPL=0 DS   [-WA]
CS =0008 00000000 ffffffff 00cf9a00 DPL=0 CS32 [-R-]
SS =0010 00000000 ffffffff 00cf9300 DPL=0 DS   [-WA]
DS =0010 00000000 ffffffff 00cf9300 DPL=0 DS   [-WA]
FS =0010 00000000 ffffffff 00cf9300 DPL=0 DS   [-WA]
GS =0010 00000000 ffffffff 00cf9300 DPL=0 DS   [-WA]
LDT=0000 00000000 0000ffff 00008200 DPL=0 LDT
TR =002b c0107c2a 00000068 0000e900 DPL=3 TSS32-avl
GDT=     c0107004 0000002f
IDT=     c0103bb0 000007f7
CR0=80000011 CR2=00000000 CR3=0010d000 CR4=00000010
DR0=0000000000000000 DR1=0000000000000000 DR2=0000000000000000 DR3=0000000000000000 
DR6=00000000ffff0ff0 DR7=0000000000000400
CCS=00000044 CCD=00000008 CCO=LOGICB  
EFER=0000000000000000
    36: v=2e e=0000 i=1 cpl=0 IP=0008:00000000c01078ec pc=00000000c01078ec SP=0010:00000000c0114f50 env->regs[R_EAX]=0000000000000058
EAX=00000058 EBX=00000000 ECX=00000001 EDX=000003f6
ESI=00000011 EDI=c0108210 EBP=00000000 ESP=c0114f50
EIP=c01078ec EFL=00000202 [-------] CPL=0 II=0 A20=1 SMM=0 HLT=0
ES =0010 00000000 ffffffff 00cf9300 DPL=0 DS   [-WA]
CS =0008 00000000 ffffffff 00cf9a00 DPL=0 CS32 [-R-]
SS =0010 00000000 ffffffff 00cf9300 DPL=0 DS   [-WA]
DS =0010 00000000 ffffffff 00cf9300 DPL=0 DS   [-WA]
FS =0010 00000000 ffffffff 00cf9300 DPL=0 DS   [-WA]
GS =0010 00000000 ffffffff 00cf9300 DPL=0 DS   [-WA]
LDT=0000 00000000 0000ffff 00008200 DPL=0 LDT
TR =002b c0107c2a 00000068 0000e900 DPL=3 TSS32-avl
GDT=     c0107004 0000002f
IDT=     c0103bb0 000007f7
CR0=80000011 CR2=00000000 CR3=0010d000 CR4=00000010
DR0=0000000000000000 DR1=0000000000000000 DR2=0000000000000000 DR3=0000000000000000 
DR6=00000000ffff0ff0 DR7=0000000000000400
CCS=00000044 CCD=00000008 CCO=LOGICB  
EFER=0000000000000000
    37: v=2e e=0000 i=1 cpl=0 IP=0008:00000000c01078ec pc=00000000c01078ec SP=0010:00000000c0114f68 env->regs[R_EAX]=0000000000000058
EAX=00000058 EBX=00000000 ECX=00000001 EDX=697403f6
ESI=00000044 EDI=c0108010 EBP=00000000 ESP=c0114f68
EIP=c01078ec EFL=00000202 [-------] CPL=0 II=0 A20=1 SMM=0 HLT=0
ES =0010 00000000 ffffffff 00cf9300 DPL=0 DS   [-WA]
CS =0008 00000000 ffffffff 00cf9a00 DPL=0 CS32 [-R-]
SS =0010 00000000 ffffffff 00cf9300 DPL=0 DS   [-WA]
DS =0010 00000000 ffffffff 00cf9300 DPL=0 DS   [-WA]
FS =0010 00000000 ffffffff 00cf9300 DPL=0 DS   [-WA]
GS =0010 00000000 ffffffff 00cf9300 DPL=0 DS   [-WA]
LDT=0000 00000000 0000ffff 00008200 DPL=0 LDT
TR =002b c0107c2a 00000068 0000e900 DPL=3 TSS32-avl
GDT=     c0107004 0000002f
IDT=     c0103bb0 000007f7
CR0=80000011 CR2=00000000 CR3=0010d000 CR4=00000010
DR0=0000000000000000 DR1=0000000000000000 DR2=0000000000000000 DR3=0000000000000000 
DR6=00000000ffff0ff0 DR7=0000000000000400
CCS=00000044 CCD=00000008 CCO=LOGICB  
EFER=0000000000000000
    38: v=2e e=0000 i=1 cpl=0 IP=0008:00000000c01078ec pc=00000000c01078ec SP=0010:00000000c0114f68 env->regs[R_EAX]=0000000000000058
EAX=00000058 EBX=00000000 ECX=00000001 EDX=697403f6
ESI=00000045 EDI=c0108210 EBP=00000000 ESP=c0114f68
EIP=c01078ec EFL=00000202 [-------] CPL=0 II=0 A20=1 SMM=0 HLT=0
ES =0010 00000000 ffffffff 00cf9300 DPL=0 DS   [-WA]
CS =0008 00000000 ffffffff 00cf9a00 DPL=0 CS32 [-R-]
SS =0010 00000000 ffffffff 00cf9300 DPL=0 DS   [-WA]
DS =0010 00000000 ffffffff 00cf9300 DPL=0 DS   [-WA]
FS =0010 00000000 ffffffff 00cf9300 DPL=0 DS   [-WA]
GS =0010 00000000 ffffffff 00cf9300 DPL=0 DS   [-WA]
LDT=0000 00000000 0000ffff 00008200 DPL=0 LDT
TR =002b c0107c2a 00000068 0000e900 DPL=3 TSS32-avl
GDT=     c0107004 0000002f
IDT=     c0103bb0 000007f7
CR0=80000011 CR2=00000000 CR3=0010d000 CR4=00000010
DR0=0000000000000000 DR1=0000000000000000 DR2=0000000000000000 DR3=0000000000000000 
DR6=00000000ffff0ff0 DR7=0000000000000400
CCS=00000044 CCD=00000008 CCO=LOGICB  
EFER=0000000000000000
    39: v=2e e=0000 i=1 cpl=0 IP=0008:00000000c01078ec pc=00000000c01078ec SP=0010:00000000c0114f7c env->regs[R_EAX]=0000000000000058
EAX=00000058 EBX=00000000 ECX=00000001 EDX=000003f6
ESI=00000004 EDI=c0108010 EBP=00000000 ESP=c0114f7c
EIP=c01078ec EFL=00000202 [-------] CPL=0 II=0 A20=1 SMM=0 HLT=0
ES =0010 00000000 ffffffff 00cf9300 DPL=0 DS   [-WA]
CS =0008 00000000 ffffffff 00cf9a00 DPL=0 CS32 [-R-]
SS =0010 00000000 ffffffff 00cf9300 DPL=0 DS   [-WA]
DS =0010 00000000 ffffffff 00cf9300 DPL=0 DS   [-WA]
FS =0010 00000000 ffffffff 00cf9300 DPL=0 DS   [-WA]
GS =0010 00000000 ffffffff 00cf9300 DPL=0 DS   [-WA]
LDT=0000 00000000 0000ffff 00008200 DPL=0 LDT
TR =002b c0107c2a 00000068 0000e900 DPL=3 TSS32-avl
GDT=     c0107004 0000002f
IDT=     c0103bb0 000007f7
CR0=80000011 CR2=00000000 CR3=0010d000 CR4=00000010
DR0=0000000000000000 DR1=0000000000000000 DR2=0000000000000000 DR3=0000000000000000 
DR6=00000000ffff0ff0 DR7=0000000000000400
CCS=00000044 CCD=00000008 CCO=LOGICB  
EFER=0000000000000000
    40: v=2e e=0000 i=1 cpl=0 IP=0008:00000000c01078ec pc=00000000c01078ec SP=0010:00000000c0114f74 env->regs[R_EAX]=0000000000000058
EAX=00000058 EBX=00000000 ECX=00000001 EDX=000003f6
ESI=00000010 EDI=c0108010 EBP=00000000 ESP=c0114f74
EIP=c01078ec EFL=00000202 [-------] CPL=0 II=0 A20=1 SMM=0 HLT=0
ES =0010 00000000 ffffffff 00cf9300 DPL=0 DS   [-WA]
CS =0008 00000000 ffffffff 00cf9a00 DPL=0 CS32 [-R-]
SS =0010 00000000 ffffffff 00cf9300 DPL=0 DS   [-WA]
DS =0010 00000000 ffffffff 00cf9300 DPL=0 DS   [-WA]
FS =0010 00000000 ffffffff 00cf9300 DPL=0 DS   [-WA]
GS =0010 00000000 ffffffff 00cf9300 DPL=0 DS   [-WA]
LDT=0000 00000000 0000ffff 00008200 DPL=0 LDT
TR =002b c0107c2a 00000068 0000e900 DPL=3 TSS32-avl
GDT=     c0107004 0000002f
IDT=     c0103bb0 000007f7
CR0=80000011 CR2=00000000 CR3=0010d000 CR4=00000010
DR0=0000000000000000 DR1=0000000000000000 DR2=0000000000000000 DR3=0000000000000000 
DR6=00000000ffff0ff0 DR7=0000000000000400
CCS=00000044 CCD=00000008 CCO=LOGICB  
EFER=0000000000000000
    41: v=2e e=0000 i=1 cpl=0 IP=0008:00000000c01078ec pc=00000000c01078ec SP=0010:00000000c0114f74 env->regs[R_EAX]=0000000000000058
EAX=00000058 EBX=00000000 ECX=00000001 EDX=000003f6
ESI=00000011 EDI=c0108210 EBP=00000000 ESP=c0114f74
EIP=c01078ec EFL=00000202 [-------] CPL=0 II=0 A20=1 SMM=0 HLT=0
ES =0010 00000000 ffffffff 00cf9300 DPL=0 DS   [-WA]
CS =0008 00000000 ffffffff 00cf9a00 DPL=0 CS32 [-R-]
SS =0010 00000000 ffffffff 00cf9300 DPL=0 DS   [-WA]
DS =0010 00000000 ffffffff 00cf9300 DPL=0 DS   [-WA]
FS =0010 00000000 ffffffff 00cf9300 DPL=0 DS   [-WA]
GS =0010 00000000 ffffffff 00cf9300 DPL=0 DS   [-WA]
LDT=0000 00000000 0000ffff 00008200 DPL=0 LDT
TR =002b c0107c2a 00000068 0000e900 DPL=3 TSS32-avl
GDT=     c0107004 0000002f
IDT=     c0103bb0 000007f7
CR0=80000011 CR2=00000000 CR3=0010d000 CR4=00000010
DR0=0000000000000000 DR1=0000000000000000 DR2=0000000000000000 DR3=0000000000000000 
DR6=00000000ffff0ff0 DR7=0000000000000400
CCS=00000044 CCD=00000008 CCO=LOGICB  
EFER=0000000000000000
    42: v=2e e=0000 i=1 cpl=0 IP=0008:00000000c01078ec pc=00000000c01078ec SP=0010:00000000c0114f88 env->regs[R_EAX]=0000000000000058
EAX=00000058 EBX=00000000 ECX=00000001 EDX=697403f6
ESI=00000046 EDI=c0108010 EBP=00000000 ESP=c0114f88
EIP=c01078ec EFL=00000202 [-------] CPL=0 II=0 A20=1 SMM=0 HLT=0
ES =0010 00000000 ffffffff 00cf9300 DPL=0 DS   [-WA]
CS =0008 00000000 ffffffff 00cf9a00 DPL=0 CS32 [-R-]
SS =0010 00000000 ffffffff 00cf9300 DPL=0 DS   [-WA]
DS =0010 00000000 ffffffff 00cf9300 DPL=0 DS   [-WA]
FS =0010 00000000 ffffffff 00cf9300 DPL=0 DS   [-WA]
GS =0010 00000000 ffffffff 00cf9300 DPL=0 DS   [-WA]
LDT=0000 00000000 0000ffff 00008200 DPL=0 LDT
TR =002b c0107c2a 00000068 0000e900 DPL=3 TSS32-avl
GDT=     c0107004 0000002f
IDT=     c0103bb0 000007f7
CR0=80000011 CR2=00000000 CR3=0010d000 CR4=00000010
DR0=0000000000000000 DR1=0000000000000000 DR2=0000000000000000 DR3=0000000000000000 
DR6=00000000ffff0ff0 DR7=0000000000000400
CCS=00000044 CCD=00000008 CCO=LOGICB  
EFER=0000000000000000
    43: v=2e e=0000 i=1 cpl=0 IP=0008:00000000c01078ec pc=00000000c01078ec SP=0010:00000000c0114f88 env->regs[R_EAX]=0000000000000058
EAX=00000058 EBX=00000000 ECX=00000001 EDX=697403f6
ESI=00000047 EDI=c0108210 EBP=00000000 ESP=c0114f88
EIP=c01078ec EFL=00000202 [-------] CPL=0 II=0 A20=1 SMM=0 HLT=0
ES =0010 00000000 ffffffff 00cf9300 DPL=0 DS   [-WA]
CS =0008 00000000 ffffffff 00cf9a00 DPL=0 CS32 [-R-]
SS =0010 00000000 ffffffff 00cf9300 DPL=0 DS   [-WA]
DS =0010 00000000 ffffffff 00cf9300 DPL=0 DS   [-WA]
FS =0010 00000000 ffffffff 00cf9300 DPL=0 DS   [-WA]
GS =0010 00000000 ffffffff 00cf9300 DPL=0 DS   [-WA]
LDT=0000 00000000 0000ffff 00008200 DPL=0 LDT
TR =002b c0107c2a 00000068 0000e900 DPL=3 TSS32-avl
GDT=     c0107004 0000002f
IDT=     c0103bb0 000007f7
CR0=80000011 CR2=00000000 CR3=0010d000 CR4=00000010
DR0=0000000000000000 DR1=0000000000000000 DR2=0000000000000000 DR3=0000000000000000 
DR6=00000000ffff0ff0 DR7=0000000000000400
CCS=00000044 CCD=00000008 CCO=LOGICB  
EFER=0000000000000000
